[    3224ms] [WARNING] ConfigCat - WARN - [3003] Cannot evaluate condition (User.cloud_provider EQUALS '<hashed value>') for setting 'enableSmartRegion' (the User.cloud_provider attribute is missing). You should set the User.cloud_provider attribute in order to make targeting work properly. Read more: https://configcat.com/docs/advanced/user-object/ @ https://frontend-assets.supabase.com/www/41dd3c3cad1e/_next/static/chunks/pages/_app-b5284c5e44490124.js?dpl=dpl_3TwKuvdNmMQYMM3tnf3sLy7jBfcu:0
[    3508ms] [WARNING] ConfigCat - WARN - [3003] Cannot evaluate condition (User.cloud_provider EQUALS '<hashed value>') for setting 'enableSmartRegion' (the User.cloud_provider attribute is missing). You should set the User.cloud_provider attribute in order to make targeting work properly. Read more: https://configcat.com/docs/advanced/user-object/ @ https://frontend-assets.supabase.com/www/41dd3c3cad1e/_next/static/chunks/pages/_app-b5284c5e44490124.js?dpl=dpl_3TwKuvdNmMQYMM3tnf3sLy7jBfcu:0
[   10279ms] [ERROR] Failed to load resource: the server responded with a status of 429 () @ https://o398706.ingest.us.sentry.io/api/5459134/envelope/?sentry_version=7&sentry_key=caa7db5fc1da4341810a6d56251a951c&sentry_client=sentry.javascript.nextjs%2F10.27.0:0
[   10355ms] [ERROR] Failed to load resource: the server responded with a status of 429 () @ https://o398706.ingest.us.sentry.io/api/5459134/envelope/?sentry_version=7&sentry_key=caa7db5fc1da4341810a6d56251a951c&sentry_client=sentry.javascript.nextjs%2F10.27.0:0
[   10545ms] [ERROR] Failed to load resource: the server responded with a status of 401 () @ https://supabase.com/dashboard/api/incident-banner:0
[   10546ms] [ERROR] Failed to load resource: the server responded with a status of 401 () @ https://supabase.com/dashboard/api/incident-status:0
[   10552ms] [ERROR] [getIncidentStatus] Failed: 401 {"error":{"message":"Unauthorized: Invalid JWT structure"}} @ https://frontend-assets.supabase.com/studio/41dd3c3cad1e/_next/static/chunks/85e55172f2e836fd.js?dpl=dpl_91U39AxN3DvDzUhZ9SYkedq6zPg9:14
[   11654ms] [ERROR] Failed to load resource: the server responded with a status of 401 () @ https://supabase.com/dashboard/api/incident-status:0
[   11655ms] [ERROR] [getIncidentStatus] Failed: 401 {"error":{"message":"Unauthorized: Invalid JWT structure"}} @ https://frontend-assets.supabase.com/studio/41dd3c3cad1e/_next/static/chunks/85e55172f2e836fd.js?dpl=dpl_91U39AxN3DvDzUhZ9SYkedq6zPg9:14
[   11749ms] [ERROR] Failed to load resource: the server responded with a status of 401 () @ https://supabase.com/dashboard/api/incident-banner:0
[   13845ms] [ERROR] Failed to load resource: the server responded with a status of 401 () @ https://supabase.com/dashboard/api/incident-status:0
[   13847ms] [ERROR] [getIncidentStatus] Failed: 401 {"error":{"message":"Unauthorized: Invalid JWT structure"}} @ https://frontend-assets.supabase.com/studio/41dd3c3cad1e/_next/static/chunks/85e55172f2e836fd.js?dpl=dpl_91U39AxN3DvDzUhZ9SYkedq6zPg9:14
[   14000ms] [ERROR] Failed to load resource: the server responded with a status of 401 () @ https://supabase.com/dashboard/api/incident-banner:0
[   18035ms] [ERROR] Failed to load resource: the server responded with a status of 401 () @ https://supabase.com/dashboard/api/incident-status:0
[   18036ms] [ERROR] [getIncidentStatus] Failed: 401 {"error":{"message":"Unauthorized: Invalid JWT structure"}} @ https://frontend-assets.supabase.com/studio/41dd3c3cad1e/_next/static/chunks/85e55172f2e836fd.js?dpl=dpl_91U39AxN3DvDzUhZ9SYkedq6zPg9:14
[   18148ms] [ERROR] Failed to load resource: the server responded with a status of 401 () @ https://supabase.com/dashboard/api/incident-banner:0
[   20986ms] [ERROR] Failed to load resource: the server responded with a status of 429 () @ https://o398706.ingest.us.sentry.io/api/5459134/envelope/?sentry_version=7&sentry_key=caa7db5fc1da4341810a6d56251a951c&sentry_client=sentry.javascript.nextjs%2F10.27.0:0
[   21336ms] [ERROR] Failed to load resource: the server responded with a status of 502 () @ https://supabase.com/dashboard/api/incident-banner:0
[   21750ms] [ERROR] Failed to load resource: the server responded with a status of 500 () @ https://supabase.com/dashboard/api/incident-status:0
[   21750ms] [ERROR] [getIncidentStatus] Failed: 500 {"error":"Unable to fetch incidents at this time"} @ https://frontend-assets.supabase.com/studio/41dd3c3cad1e/_next/static/chunks/85e55172f2e836fd.js?dpl=dpl_91U39AxN3DvDzUhZ9SYkedq6zPg9:14
[   21981ms] [ERROR] Connecting to 'https://analytics.google.com/g/collect?a=adblocker_check' violates the following Content Security Policy directive: "default-src 'self' https://api.supabase.com http://localhost:8000 https://auth.supabase.io ws://localhost:8000 wss://localhost:8000 https://*.supabase.co https://*.storage.supabase.co wss://*.supabase.co https://*.hcaptcha.com https://cdn-global.configcat.com https://configcat.supabase.com https://*.stripe.com https://*.stripe.network https://www.cloudflare.com https://*.vercel-insights.com https://api.github.com https://raw.githubusercontent.com https://frontend-assets.supabase.com https://*.usercentrics.eu https://ss.supabase.com https://maps.googleapis.com https://ph.supabase.com https://cdnjs.cloudflare.com wss://*.pusher.com https://*.ingest.sentry.io https://*.ingest.us.sentry.io https://*.ingest.de.sentry.io". Note that 'connect-src' was not explicitly set, so 'default-src' is used as a fallback. The action has been blocked. @ https://frontend-assets.supabase.com/studio/41dd3c3cad1e/_next/static/chunks/85e55172f2e836fd.js?dpl=dpl_91U39AxN3DvDzUhZ9SYkedq6zPg9:14
[   21981ms] [ERROR] Fetch API cannot load https://analytics.google.com/g/collect?a=adblocker_check. Refused to connect because it violates the document's Content Security Policy. @ https://frontend-assets.supabase.com/studio/41dd3c3cad1e/_next/static/chunks/85e55172f2e836fd.js?dpl=dpl_91U39AxN3DvDzUhZ9SYkedq6zPg9:14
[   22003ms] [ERROR] Loading the script 'https://web.cmp.usercentrics.eu/tcf/stub.js' violates the following Content Security Policy directive: "script-src 'self' 'unsafe-eval' 'unsafe-inline' https://cdnjs.cloudflare.com https://js.hcaptcha.com https://js.stripe.com https://frontend-assets.supabase.com https://ss.supabase.com https://ph.supabase.com https://vercel.live https://*.pusher.com https://maps.googleapis.com". Note that 'script-src-elem' was not explicitly set, so 'script-src' is used as a fallback. The action has been blocked. @ https://ss.supabase.com/4icgbaujh.js?60a389s=aWQ9R1RNLVdDVlJMTU43&page=2:142
[   22004ms] [ERROR] Loading the script 'https://web.cmp.usercentrics.eu/ui/loader.js' violates the following Content Security Policy directive: "script-src 'self' 'unsafe-eval' 'unsafe-inline' https://cdnjs.cloudflare.com https://js.hcaptcha.com https://js.stripe.com https://frontend-assets.supabase.com https://ss.supabase.com https://ph.supabase.com https://vercel.live https://*.pusher.com https://maps.googleapis.com". Note that 'script-src-elem' was not explicitly set, so 'script-src' is used as a fallback. The action has been blocked. @ https://ss.supabase.com/4icgbaujh.js?60a389s=aWQ9R1RNLVdDVlJMTU43&page=2:142
[   22467ms] [ERROR] Failed to load resource: the server responded with a status of 502 () @ https://supabase.com/dashboard/api/incident-banner:0
[   23081ms] [ERROR] Failed to load resource: the server responded with a status of 500 () @ https://supabase.com/dashboard/api/incident-status:0
[   23082ms] [ERROR] [getIncidentStatus] Failed: 500 {"error":"Unable to fetch incidents at this time"} @ https://frontend-assets.supabase.com/studio/41dd3c3cad1e/_next/static/chunks/85e55172f2e836fd.js?dpl=dpl_91U39AxN3DvDzUhZ9SYkedq6zPg9:14
[   24616ms] [ERROR] Failed to load resource: the server responded with a status of 502 () @ https://supabase.com/dashboard/api/incident-banner:0
[   25177ms] [ERROR] Failed to load resource: the server responded with a status of 429 () @ https://o398706.ingest.us.sentry.io/api/5459134/envelope/?sentry_version=7&sentry_key=caa7db5fc1da4341810a6d56251a951c&sentry_client=sentry.javascript.nextjs%2F10.27.0:0
[   25294ms] [ERROR] Failed to load resource: the server responded with a status of 502 () @ https://supabase.com/dashboard/api/incident-banner:0
[   25471ms] [ERROR] Failed to load resource: the server responded with a status of 500 () @ https://supabase.com/dashboard/api/incident-status:0
[   25471ms] [ERROR] [getIncidentStatus] Failed: 500 {"error":"Unable to fetch incidents at this time"} @ https://frontend-assets.supabase.com/studio/41dd3c3cad1e/_next/static/chunks/85e55172f2e836fd.js?dpl=dpl_91U39AxN3DvDzUhZ9SYkedq6zPg9:14
[   25568ms] [WARNING] [Warning] Please install/enable Redux devtools extension @ https://frontend-assets.supabase.com/studio/41dd3c3cad1e/_next/static/chunks/85e55172f2e836fd.js?dpl=dpl_91U39AxN3DvDzUhZ9SYkedq6zPg9:14
[   26431ms] [ERROR] Failed to load resource: the server responded with a status of 502 () @ https://supabase.com/dashboard/api/incident-banner:0
[   26796ms] [ERROR] Failed to load resource: the server responded with a status of 500 () @ https://supabase.com/dashboard/api/incident-status:0
[   26797ms] [ERROR] [getIncidentStatus] Failed: 500 {"error":"Unable to fetch incidents at this time"} @ https://frontend-assets.supabase.com/studio/41dd3c3cad1e/_next/static/chunks/85e55172f2e836fd.js?dpl=dpl_91U39AxN3DvDzUhZ9SYkedq6zPg9:14
[   28657ms] [ERROR] Failed to load resource: the server responded with a status of 502 () @ https://supabase.com/dashboard/api/incident-banner:0
[   29169ms] [ERROR] Failed to load resource: the server responded with a status of 500 () @ https://supabase.com/dashboard/api/incident-status:0
[   29171ms] [ERROR] [getIncidentStatus] Failed: 500 {"error":"Unable to fetch incidents at this time"} @ https://frontend-assets.supabase.com/studio/41dd3c3cad1e/_next/static/chunks/85e55172f2e836fd.js?dpl=dpl_91U39AxN3DvDzUhZ9SYkedq6zPg9:14
[   32855ms] [ERROR] Failed to load resource: the server responded with a status of 502 () @ https://supabase.com/dashboard/api/incident-banner:0
[   33992ms] [ERROR] Failed to load resource: the server responded with a status of 500 () @ https://supabase.com/dashboard/api/incident-status:0
[   33995ms] [ERROR] [getIncidentStatus] Failed: 500 {"error":"Unable to fetch incidents at this time"} @ https://frontend-assets.supabase.com/studio/41dd3c3cad1e/_next/static/chunks/85e55172f2e836fd.js?dpl=dpl_91U39AxN3DvDzUhZ9SYkedq6zPg9:14
