[  685586ms] [ERROR] Base UI: A component that acts as a button expected a native <button> because the `nativeButton` prop is true. Rendering a non-<button> removes native button semantics, which can impact forms and accessibility. Use a real <button> in the `render` prop, or set `nativeButton` to `false`.
Error generating stack: Cannot read properties of undefined (reading 'startsWith')
TypeError: Cannot read properties of undefined (reading 'startsWith')
    at formatOwnerStack (http://localhost:3000/_next/static/chunks/f28f1_next_dist_compiled_react-dom_836e576c._.js:735:15)
    at getCurrentFiberStackInDev (http://localhost:3000/_next/static/chunks/f28f1_next_dist_compiled_react-dom_836e576c._.js:948:42)
    at exports.captureOwnerStack (http://localhost:3000/_next/static/chunks/f28f1_next_dist_compiled_4e7eef75._.js:1552:50)
    at useButton.useEffect (http://localhost:3000/_next/static/chunks/f28f1_12e6b340._.js:2537:279)
    at Object.react_stack_bottom_frame (http://localhost:3000/_next/static/chunks/f28f1_next_dist_compiled_react-dom_836e576c._.js:14876:22)
    at runWithFiberInDEV (http://localhost:3000/_next/static/chunks/f28f1_next_dist_compiled_react-dom_836e576c._.js:965:74)
    at commitHookEffectListMount (http://localhost:3000/_next/static/chunks/f28f1_next_dist_compiled_react-dom_836e576c._.js:7266:167)
    at commitHookPassiveMountEffects (http://localhost:3000/_next/static/chunks/f28f1_next_dist_compiled_react-dom_836e576c._.js:7301:60)
    at commitPassiveMountOnFiber (http://localhost:3000/_next/static/chunks/f28f1_next_dist_compiled_react-dom_836e576c._.js:8696:33)
    at recursivelyTraversePassiveMountEffects (http://localhost:3000/_next/static/chunks/f28f1_next_dist_compiled_react-dom_836e576c._.js:8683:316)
    at commitPassiveMountOnFiber (http://localhost:3000/_next/static/chunks/f28f1_next_dist_compiled_react-dom_836e576c._.js:8695:17)
    at recursivelyTraversePassiveMountEffects (http://localhost:3000/_next/static/chunks/f28f1_next_dist_compiled_react-dom_836e576c._.js:8683:316)
    at commitPassiveMountOnFiber (http://localhost:3000/_next/static/chunks/f28f1_next_dist_compiled_react-dom_836e576c._.js:8757:17)
    at recursivelyTraversePassiveMountEffects (http://localhost:3000/_next/static/chunks/f28f1_next_dist_compiled_react-dom_836e576c._.js:8683:316)
    at commitPassiveMountOnFiber (http://localhost:3000/_next/static/chunks/f28f1_next_dist_compiled_react-dom_836e576c._.js:8695:17)
    at recursivelyTraversePassiveMountEffects (http://localhost:3000/_next/static/chunks/f28f1_next_dist_compiled_react-dom_836e576c._.js:8683:316)
    at commitPassiveMountOnFiber (http://localhost:3000/_next/static/chunks/f28f1_next_dist_compiled_react-dom_836e576c._.js:8695:17)
    at recursivelyTraversePassiveMountEffects (http://localhost:3000/_next/static/chunks/f28f1_next_dist_compiled_react-dom_836e576c._.js:8683:316)
    at commitPassiveMountOnFiber (http://localhost:3000/_next/static/chunks/f28f1_next_dist_compiled_react-dom_836e576c._.js:8695:17)
    at recursivelyTraversePassiveMountEffects (http://localhost:3000/_next/static/chunks/f28f1_next_dist_compiled_react-dom_836e576c._.js:8683:316)
    at commitPassiveMountOnFiber (http://localhost:3000/_next/static/chunks/f28f1_next_dist_compiled_react-dom_836e576c._.js:8757:17)
    at recursivelyTraversePassiveMountEffects (http://localhost:3000/_next/static/chunks/f28f1_next_dist_compiled_react-dom_836e576c._.js:8683:316)
    at commitPassiveMountOnFiber (http://localhost:3000/_next/static/chunks/f28f1_next_dist_compiled_react-dom_836e576c._.js:8757:17)
    at recursivelyTraversePassiveMountEffects (http://localhost:3000/_next/static/chunks/f28f1_next_dist_compiled_react-dom_836e576c._.js:8683:316)
    at commitPassiveMountOnFiber (http://localhost:3000/_next/static/chunks/f28f1_next_dist_compiled_react-dom_836e576c._.js:8695:17)
    at recursivelyTraversePassiveMountEffects (http://localhost:3000/_next/static/chunks/f28f1_next_dist_compiled_react-dom_836e576c._.js:8683:316)
    at commitPassiveMountOnFiber (http://localhost:3000/_next/static/chunks/f28f1_next_dist_compiled_react-dom_836e576c._.js:8695:17)
    at recursivelyTraversePassiveMountEffects (http://localhost:3000/_next/static/chunks/f28f1_next_dist_compiled_react-dom_836e576c._.js:8683:316)
    at commitPassiveMountOnFiber (http://localhost:3000/_next/static/chunks/f28f1_next_dist_compiled_react-dom_836e576c._.js:8757:17)
    at recursivelyTraversePassiveMountEffects (http://localhost:3000/_next/static/chunks/f28f1_next_dist_compiled_react-dom_836e576c._.js:8683:316)
    at commitPassiveMountOnFiber (http://localhost:3000/_next/static/chunks/f28f1_next_dist_compiled_react-dom_836e576c._.js:8757:17)
    at recursivelyTraversePassiveMountEffects (http://localhost:3000/_next/static/chunks/f28f1_next_dist_compiled_react-dom_836e576c._.js:8683:316)
    at commitPassiveMountOnFiber (http://localhost:3000/_next/static/chunks/f28f1_next_dist_compiled_react-dom_836e576c._.js:8695:17)
    at recursivelyTraversePassiveMountEffects (http://localhost:3000/_next/static/chunks/f28f1_next_dist_compiled_react-dom_836e576c._.js:8683:316)
    at commitPassiveMountOnFiber (http://localhost:3000/_next/static/chunks/f28f1_next_dist_compiled_react-dom_836e576c._.js:8700:17)
    at recursivelyTraversePassiveMountEffects (http://localhost:3000/_next/static/chunks/f28f1_next_dist_compiled_react-dom_836e576c._.js:8683:316)
    at commitPassiveMountOnFiber (http://localhost:3000/_next/static/chunks/f28f1_next_dist_compiled_react-dom_836e576c._.js:8695:17)
    at recursivelyTraversePassiveMountEffects (http://localhost:3000/_next/static/chunks/f28f1_next_dist_compiled_react-dom_836e576c._.js:8683:316)
    at commitPassiveMountOnFiber (http://localhost:3000/_next/static/chunks/f28f1_next_dist_compiled_react-dom_836e576c._.js:8695:17)
    at recursivelyTraversePassiveMountEffects (http://localhost:3000/_next/static/chunks/f28f1_next_dist_compiled_react-dom_836e576c._.js:8683:316)
    at commitPassiveMountOnFiber (http://localhost:3000/_next/static/chunks/f28f1_next_dist_compiled_react-dom_836e576c._.js:8695:17)
    at recursivelyTraversePassiveMountEffects (http://localhost:3000/_next/static/chunks/f28f1_next_dist_compiled_react-dom_836e576c._.js:8683:316)
    at commitPassiveMountOnFiber (http://localhost:3000/_next/static/chunks/f28f1_next_dist_compiled_react-dom_836e576c._.js:8695:17)
    at recursivelyTraversePassiveMountEffects (http://localhost:3000/_next/static/chunks/f28f1_next_dist_compiled_react-dom_836e576c._.js:8683:316)
    at commitPassiveMountOnFiber (http://localhost:3000/_next/static/chunks/f28f1_next_dist_compiled_react-dom_836e576c._.js:8700:17)
    at recursivelyTraversePassiveMountEffects (http://localhost:3000/_next/static/chunks/f28f1_next_dist_compiled_react-dom_836e576c._.js:8683:316)
    at commitPassiveMountOnFiber (http://localhost:3000/_next/static/chunks/f28f1_next_dist_compiled_react-dom_836e576c._.js:8695:17)
    at recursivelyTraversePassiveMountEffects (http://localhost:3000/_next/static/chunks/f28f1_next_dist_compiled_react-dom_836e576c._.js:8683:316)
    at commitPassiveMountOnFiber (http://localhost:3000/_next/static/chunks/f28f1_next_dist_compiled_react-dom_836e576c._.js:8695:17)
    at recursivelyTraversePassiveMountEffects (http://localhost:3000/_next/static/chunks/f28f1_next_dist_compiled_react-dom_836e576c._.js:8683:316) @ http://localhost:3000/_next/static/chunks/f28f1_next_dist_cf0b2ee8._.js:3127
[  706417ms] [ERROR] Failed to load resource: the server responded with a status of 400 (Bad Request) @ http://localhost:3000/api/stripe/portal:0
[  710729ms] [ERROR] Failed to load resource: the server responded with a status of 400 (Bad Request) @ http://localhost:3000/api/stripe/portal:0
[ 1562085ms] [ERROR] Failed to load resource: the server responded with a status of 400 (Bad Request) @ http://localhost:3000/api/stripe/portal:0
[ 1702189ms] [ERROR] Failed to load resource: the server responded with a status of 400 (Bad Request) @ http://localhost:3000/api/stripe/portal:0
[ 1784274ms] [ERROR] Base UI: A component that acts as a button expected a native <button> because the `nativeButton` prop is true. Rendering a non-<button> removes native button semantics, which can impact forms and accessibility. Use a real <button> in the `render` prop, or set `nativeButton` to `false`.
    at DialogTrigger (http://localhost:3000/_next/static/chunks/Projects_TheHedge_apps_web_src_f091c796._.js:221:253)
    at LogActivityModal (http://localhost:3000/_next/static/chunks/Projects_TheHedge_apps_web_src_f091c796._.js:549:254)
    at TimelineClient (http://localhost:3000/_next/static/chunks/Projects_TheHedge_apps_web_src_f091c796._.js:1031:253)
    at TimelinePage (about://React/Server/file:///Users/adamoflynn/Projects/TheHedge/apps/web/.next/dev/server/chunks/ssr/%5Broot-of-the-server%5D__2e6a8f13._.js?133:172:311) @ http://localhost:3000/_next/static/chunks/f28f1_next_dist_cf0b2ee8._.js:3127
