[    5786ms] [ERROR] Connecting to 'https://collector-pxm6kav5mu.perimeterx.net/api/v1/collector' violates the following Content Security Policy directive: "connect-src 'self' https://px-cdn.net https://*.px-cdn.net https://px-cloud.net https://*.px-cloud.net https://pxchk.net https://*.pxchk.net https://px-client.net https://*.px-client.net https://errors.stripe.com". The action has been blocked. @ https://b.stripecdn.com/stripethirdparty-srv/assets/v32.1/vendors~AddressAutocomplete~AffirmInContext~AfterpayInContext~AmazonPayButton~ApplePay~Arkose~Arkose~daedefc0.dbeca930e1d74334cc68.bundle.js:15
[   63976ms] [ERROR] Connecting to 'https://collector-pxm6kav5mu.perimeterx.net/api/v1/collector' violates the following Content Security Policy directive: "connect-src 'self' https://px-cdn.net https://*.px-cdn.net https://px-cloud.net https://*.px-cloud.net https://pxchk.net https://*.pxchk.net https://px-client.net https://*.px-client.net https://errors.stripe.com". The action has been blocked. @ https://b.stripecdn.com/stripethirdparty-srv/assets/v32.1/vendors~AddressAutocomplete~AffirmInContext~AfterpayInContext~AmazonPayButton~ApplePay~Arkose~Arkose~daedefc0.dbeca930e1d74334cc68.bundle.js:15
[  113077ms] [ERROR] Connecting to 'https://collector-pxm6kav5mu.perimeterx.net/api/v1/collector' violates the following Content Security Policy directive: "connect-src 'self' https://px-cdn.net https://*.px-cdn.net https://px-cloud.net https://*.px-cloud.net https://pxchk.net https://*.pxchk.net https://px-client.net https://*.px-client.net https://errors.stripe.com". The action has been blocked. @ https://b.stripecdn.com/stripethirdparty-srv/assets/v32.1/vendors~AddressAutocomplete~AffirmInContext~AfterpayInContext~AmazonPayButton~ApplePay~Arkose~Arkose~daedefc0.dbeca930e1d74334cc68.bundle.js:15
[  116031ms] [ERROR] Failed to load resource: the server responded with a status of 429 () @ https://errors.stripe.com/api/864/store/?sentry_key=e66886748d81458d81141a7b67473194&sentry_version=7:0
[  116032ms] [ERROR] Failed to load resource: the server responded with a status of 429 () @ https://errors.stripe.com/api/1010/store/?sentry_key=55f46479a5294df49627a0e0373f09ce&sentry_version=7:0
[  116033ms] [ERROR] Failed to load resource: the server responded with a status of 429 () @ https://errors.stripe.com/api/1010/store/?sentry_key=55f46479a5294df49627a0e0373f09ce&sentry_version=7:0
[  116054ms] [ERROR] Failed to load resource: the server responded with a status of 429 () @ https://errors.stripe.com/api/1010/store/?sentry_key=55f46479a5294df49627a0e0373f09ce&sentry_version=7:0
[  116057ms] [ERROR] Failed to load resource: the server responded with a status of 429 () @ https://errors.stripe.com/api/1010/store/?sentry_key=55f46479a5294df49627a0e0373f09ce&sentry_version=7:0
[  116070ms] [ERROR] Failed to load resource: the server responded with a status of 429 () @ https://errors.stripe.com/api/1010/store/?sentry_key=55f46479a5294df49627a0e0373f09ce&sentry_version=7:0
[  116076ms] [ERROR] Failed to load resource: the server responded with a status of 429 () @ https://errors.stripe.com/api/1010/store/?sentry_key=55f46479a5294df49627a0e0373f09ce&sentry_version=7:0
[  116385ms] [ERROR] Framing 'https://stripe.com/' violates the following Content Security Policy directive: "frame-ancestors 'self' https://app.contentful.com". The request has been blocked.
 @ :0
[  116418ms] [ERROR] Framing 'https://marketplace.stripe.com/' violates the following Content Security Policy directive: "frame-ancestors 'self'". The request has been blocked.
 @ :0
[  116625ms] [ERROR] Framing 'https://docs.stripe.com/' violates the following Content Security Policy directive: "frame-ancestors 'self' https://docs-edit.corp.stripe.com https://markdraft.corp.stripe.com". The request has been blocked.
 @ :0
[  116625ms] [ERROR] Framing 'https://docs.stripe.com/' violates the following report-only Content Security Policy directive: "frame-ancestors 'self' https://docs-edit.corp.stripe.com https://markdraft.corp.stripe.com". The violation has been logged, but no further action has been taken.
 @ :0
[  120259ms] [ERROR] Failed to load resource: the server responded with a status of 429 () @ https://errors.stripe.com/api/864/store/?sentry_key=e66886748d81458d81141a7b67473194&sentry_version=7:0
[  120938ms] [ERROR] Failed to load resource: the server responded with a status of 429 () @ https://errors.stripe.com/api/864/store/?sentry_key=e66886748d81458d81141a7b67473194&sentry_version=7:0
[  120940ms] [ERROR] Framing 'https://stripe.com/' violates the following Content Security Policy directive: "frame-ancestors 'self' https://app.contentful.com". The request has been blocked.
 @ :0
[  120949ms] [ERROR] Framing 'https://docs.stripe.com/' violates the following Content Security Policy directive: "frame-ancestors 'self' https://docs-edit.corp.stripe.com https://markdraft.corp.stripe.com". The request has been blocked.
 @ :0
[  120949ms] [ERROR] Framing 'https://docs.stripe.com/' violates the following report-only Content Security Policy directive: "frame-ancestors 'self' https://docs-edit.corp.stripe.com https://markdraft.corp.stripe.com". The violation has been logged, but no further action has been taken.
 @ :0
[  121264ms] [ERROR] Framing 'https://marketplace.stripe.com/' violates the following Content Security Policy directive: "frame-ancestors 'self'". The request has been blocked.
 @ :0
[  121299ms] [ERROR] Failed to load resource: the server responded with a status of 404 () @ https://dashboard.stripe.com/v1/profiles?expand%5B%5D=verification&include_only%5B%5D=id%2Cusername%2Cdisplay_name%2Cdescription%2Curl%2Cemail%2Cphone%2Clivemode%2Cvisibility%2Cobject%2Caddress.line1%2Caddress.line2%2Caddress.city%2Caddress.state%2Caddress.postal_code%2Caddress.country%2Cbranding.icon.original%2Cbranding.logo.original%2Cbranding.primary_color%2Cbranding.secondary_color%2Cverification.is_verified:0
[  123257ms] [ERROR] Access to fetch at 'https://r.stripe.com/0' from origin 'https://dashboard.stripe.com' has been blocked by CORS policy: No 'Access-Control-Allow-Origin' header is present on the requested resource. @ https://dashboard.stripe.com/conversations/acct_1T9o4fRvkGTLrtic/widget?audience=stripe&entrypoint=dashboard&requires_session=1&expected_merchant=acct_1T9o4fRvkGTLrtic&expected_user=usr_U84DFCcYKX6TY8&referrerLocale=en-GB&livemode=false&view_mode=minimal:0
[  123258ms] [ERROR] Failed to load resource: net::ERR_FAILED @ https://r.stripe.com/0:0
[  128042ms] [ERROR] Failed to load resource: the server responded with a status of 404 () @ https://dashboard.stripe.com/v1/profiles?expand%5B%5D=verification&include_only%5B%5D=id%2Cusername%2Cdisplay_name%2Cdescription%2Curl%2Cemail%2Cphone%2Clivemode%2Cvisibility%2Cobject%2Caddress.line1%2Caddress.line2%2Caddress.city%2Caddress.state%2Caddress.postal_code%2Caddress.country%2Cbranding.icon.original%2Cbranding.logo.original%2Cbranding.primary_color%2Cbranding.secondary_color%2Cverification.is_verified:0
[  129306ms] [ERROR] Failed to load resource: the server responded with a status of 404 () @ https://dashboard.stripe.com/ajax/startup_merchant?include_only%5B%5D=id%2Cmerchant%2Cpartner_code%2Cpartner_page%2Capplication_status:0
[  130816ms] [ERROR] Access to fetch at 'https://r.stripe.com/0' from origin 'https://dashboard.stripe.com' has been blocked by CORS policy: No 'Access-Control-Allow-Origin' header is present on the requested resource. @ https://dashboard.stripe.com/conversations/acct_1T9o4qRqzN6VBgZy/widget?audience=stripe&entrypoint=dashboard&requires_session=1&expected_merchant=acct_1T9o4qRqzN6VBgZy&expected_user=usr_U84DFCcYKX6TY8&referrerLocale=en-GB&livemode=false&view_mode=minimal:0
[  130816ms] [ERROR] Failed to load resource: net::ERR_FAILED @ https://r.stripe.com/0:0
