[    1154ms] Error: Minified React error #418; visit https://react.dev/errors/418?args[]=HTML&args[]= for the full message or use the non-minified dev environment for full errors and additional helpful warnings.
    at r1 (https://vercel.com/_next/static/chunks/878ead79bf735672.js?dpl=dpl_G3LWGyCa9L7juRHD2gZEpHwZy1Gh:73:44335)
    at r4 (https://vercel.com/_next/static/chunks/878ead79bf735672.js?dpl=dpl_G3LWGyCa9L7juRHD2gZEpHwZy1Gh:73:45563)
    at https://vercel.com/_next/static/chunks/878ead79bf735672.js?dpl=dpl_G3LWGyCa9L7juRHD2gZEpHwZy1Gh:73:145172
    at sQ (https://vercel.com/_next/static/chunks/878ead79bf735672.js?dpl=dpl_G3LWGyCa9L7juRHD2gZEpHwZy1Gh:73:148081)
    at sV (https://vercel.com/_next/static/chunks/878ead79bf735672.js?dpl=dpl_G3LWGyCa9L7juRHD2gZEpHwZy1Gh:73:139226)
    at https://vercel.com/_next/static/chunks/878ead79bf735672.js?dpl=dpl_G3LWGyCa9L7juRHD2gZEpHwZy1Gh:73:139010
    at sB (https://vercel.com/_next/static/chunks/878ead79bf735672.js?dpl=dpl_G3LWGyCa9L7juRHD2gZEpHwZy1Gh:73:139018)
    at sO (https://vercel.com/_next/static/chunks/878ead79bf735672.js?dpl=dpl_G3LWGyCa9L7juRHD2gZEpHwZy1Gh:73:134075)
    at cm (https://vercel.com/_next/static/chunks/878ead79bf735672.js?dpl=dpl_G3LWGyCa9L7juRHD2gZEpHwZy1Gh:73:168791)
    at cs (https://vercel.com/_next/static/chunks/878ead79bf735672.js?dpl=dpl_G3LWGyCa9L7juRHD2gZEpHwZy1Gh:73:166694)
[    1156ms] Error: Minified React error #418; visit https://react.dev/errors/418?args[]=HTML&args[]= for the full message or use the non-minified dev environment for full errors and additional helpful warnings.
    at r1 (https://vercel.com/_next/static/chunks/878ead79bf735672.js?dpl=dpl_G3LWGyCa9L7juRHD2gZEpHwZy1Gh:73:44335)
    at r4 (https://vercel.com/_next/static/chunks/878ead79bf735672.js?dpl=dpl_G3LWGyCa9L7juRHD2gZEpHwZy1Gh:73:45563)
    at https://vercel.com/_next/static/chunks/878ead79bf735672.js?dpl=dpl_G3LWGyCa9L7juRHD2gZEpHwZy1Gh:73:145172
    at sQ (https://vercel.com/_next/static/chunks/878ead79bf735672.js?dpl=dpl_G3LWGyCa9L7juRHD2gZEpHwZy1Gh:73:148081)
    at sV (https://vercel.com/_next/static/chunks/878ead79bf735672.js?dpl=dpl_G3LWGyCa9L7juRHD2gZEpHwZy1Gh:73:139226)
    at https://vercel.com/_next/static/chunks/878ead79bf735672.js?dpl=dpl_G3LWGyCa9L7juRHD2gZEpHwZy1Gh:73:139010
    at sB (https://vercel.com/_next/static/chunks/878ead79bf735672.js?dpl=dpl_G3LWGyCa9L7juRHD2gZEpHwZy1Gh:73:139018)
    at sO (https://vercel.com/_next/static/chunks/878ead79bf735672.js?dpl=dpl_G3LWGyCa9L7juRHD2gZEpHwZy1Gh:73:134075)
    at cm (https://vercel.com/_next/static/chunks/878ead79bf735672.js?dpl=dpl_G3LWGyCa9L7juRHD2gZEpHwZy1Gh:73:168791)
    at cs (https://vercel.com/_next/static/chunks/878ead79bf735672.js?dpl=dpl_G3LWGyCa9L7juRHD2gZEpHwZy1Gh:73:166694)
[    1157ms] Error: Minified React error #418; visit https://react.dev/errors/418?args[]=HTML&args[]= for the full message or use the non-minified dev environment for full errors and additional helpful warnings.
    at r1 (https://vercel.com/_next/static/chunks/878ead79bf735672.js?dpl=dpl_G3LWGyCa9L7juRHD2gZEpHwZy1Gh:73:44335)
    at r4 (https://vercel.com/_next/static/chunks/878ead79bf735672.js?dpl=dpl_G3LWGyCa9L7juRHD2gZEpHwZy1Gh:73:45563)
    at https://vercel.com/_next/static/chunks/878ead79bf735672.js?dpl=dpl_G3LWGyCa9L7juRHD2gZEpHwZy1Gh:73:145172
    at sQ (https://vercel.com/_next/static/chunks/878ead79bf735672.js?dpl=dpl_G3LWGyCa9L7juRHD2gZEpHwZy1Gh:73:148081)
    at sV (https://vercel.com/_next/static/chunks/878ead79bf735672.js?dpl=dpl_G3LWGyCa9L7juRHD2gZEpHwZy1Gh:73:139226)
    at https://vercel.com/_next/static/chunks/878ead79bf735672.js?dpl=dpl_G3LWGyCa9L7juRHD2gZEpHwZy1Gh:73:139010
    at sB (https://vercel.com/_next/static/chunks/878ead79bf735672.js?dpl=dpl_G3LWGyCa9L7juRHD2gZEpHwZy1Gh:73:139018)
    at sO (https://vercel.com/_next/static/chunks/878ead79bf735672.js?dpl=dpl_G3LWGyCa9L7juRHD2gZEpHwZy1Gh:73:134075)
    at cm (https://vercel.com/_next/static/chunks/878ead79bf735672.js?dpl=dpl_G3LWGyCa9L7juRHD2gZEpHwZy1Gh:73:168791)
    at cs (https://vercel.com/_next/static/chunks/878ead79bf735672.js?dpl=dpl_G3LWGyCa9L7juRHD2gZEpHwZy1Gh:73:166694)
[    1162ms] Error: Minified React error #418; visit https://react.dev/errors/418?args[]=HTML&args[]= for the full message or use the non-minified dev environment for full errors and additional helpful warnings.
    at r1 (https://vercel.com/_next/static/chunks/878ead79bf735672.js?dpl=dpl_G3LWGyCa9L7juRHD2gZEpHwZy1Gh:73:44335)
    at r4 (https://vercel.com/_next/static/chunks/878ead79bf735672.js?dpl=dpl_G3LWGyCa9L7juRHD2gZEpHwZy1Gh:73:45563)
    at https://vercel.com/_next/static/chunks/878ead79bf735672.js?dpl=dpl_G3LWGyCa9L7juRHD2gZEpHwZy1Gh:73:145172
    at sQ (https://vercel.com/_next/static/chunks/878ead79bf735672.js?dpl=dpl_G3LWGyCa9L7juRHD2gZEpHwZy1Gh:73:148081)
    at sV (https://vercel.com/_next/static/chunks/878ead79bf735672.js?dpl=dpl_G3LWGyCa9L7juRHD2gZEpHwZy1Gh:73:139226)
    at https://vercel.com/_next/static/chunks/878ead79bf735672.js?dpl=dpl_G3LWGyCa9L7juRHD2gZEpHwZy1Gh:73:139010
    at sB (https://vercel.com/_next/static/chunks/878ead79bf735672.js?dpl=dpl_G3LWGyCa9L7juRHD2gZEpHwZy1Gh:73:139018)
    at sO (https://vercel.com/_next/static/chunks/878ead79bf735672.js?dpl=dpl_G3LWGyCa9L7juRHD2gZEpHwZy1Gh:73:134075)
    at cm (https://vercel.com/_next/static/chunks/878ead79bf735672.js?dpl=dpl_G3LWGyCa9L7juRHD2gZEpHwZy1Gh:73:168791)
    at cs (https://vercel.com/_next/static/chunks/878ead79bf735672.js?dpl=dpl_G3LWGyCa9L7juRHD2gZEpHwZy1Gh:73:166694)
[    1164ms] Error: Minified React error #418; visit https://react.dev/errors/418?args[]=HTML&args[]= for the full message or use the non-minified dev environment for full errors and additional helpful warnings.
    at r1 (https://vercel.com/_next/static/chunks/878ead79bf735672.js?dpl=dpl_G3LWGyCa9L7juRHD2gZEpHwZy1Gh:73:44335)
    at r4 (https://vercel.com/_next/static/chunks/878ead79bf735672.js?dpl=dpl_G3LWGyCa9L7juRHD2gZEpHwZy1Gh:73:45563)
    at https://vercel.com/_next/static/chunks/878ead79bf735672.js?dpl=dpl_G3LWGyCa9L7juRHD2gZEpHwZy1Gh:73:145172
    at sQ (https://vercel.com/_next/static/chunks/878ead79bf735672.js?dpl=dpl_G3LWGyCa9L7juRHD2gZEpHwZy1Gh:73:148081)
    at sV (https://vercel.com/_next/static/chunks/878ead79bf735672.js?dpl=dpl_G3LWGyCa9L7juRHD2gZEpHwZy1Gh:73:139226)
    at https://vercel.com/_next/static/chunks/878ead79bf735672.js?dpl=dpl_G3LWGyCa9L7juRHD2gZEpHwZy1Gh:73:139010
    at sB (https://vercel.com/_next/static/chunks/878ead79bf735672.js?dpl=dpl_G3LWGyCa9L7juRHD2gZEpHwZy1Gh:73:139018)
    at sO (https://vercel.com/_next/static/chunks/878ead79bf735672.js?dpl=dpl_G3LWGyCa9L7juRHD2gZEpHwZy1Gh:73:134075)
    at cm (https://vercel.com/_next/static/chunks/878ead79bf735672.js?dpl=dpl_G3LWGyCa9L7juRHD2gZEpHwZy1Gh:73:168791)
    at cs (https://vercel.com/_next/static/chunks/878ead79bf735672.js?dpl=dpl_G3LWGyCa9L7juRHD2gZEpHwZy1Gh:73:166694)
[    1191ms] Error: Minified React error #418; visit https://react.dev/errors/418?args[]=HTML&args[]= for the full message or use the non-minified dev environment for full errors and additional helpful warnings.
    at r1 (https://vercel.com/_next/static/chunks/878ead79bf735672.js?dpl=dpl_G3LWGyCa9L7juRHD2gZEpHwZy1Gh:73:44335)
    at id (https://vercel.com/_next/static/chunks/878ead79bf735672.js?dpl=dpl_G3LWGyCa9L7juRHD2gZEpHwZy1Gh:73:88821)
    at iE (https://vercel.com/_next/static/chunks/878ead79bf735672.js?dpl=dpl_G3LWGyCa9L7juRHD2gZEpHwZy1Gh:73:98876)
    at sV (https://vercel.com/_next/static/chunks/878ead79bf735672.js?dpl=dpl_G3LWGyCa9L7juRHD2gZEpHwZy1Gh:73:139165)
    at https://vercel.com/_next/static/chunks/878ead79bf735672.js?dpl=dpl_G3LWGyCa9L7juRHD2gZEpHwZy1Gh:73:139010
    at sB (https://vercel.com/_next/static/chunks/878ead79bf735672.js?dpl=dpl_G3LWGyCa9L7juRHD2gZEpHwZy1Gh:73:139018)
    at sO (https://vercel.com/_next/static/chunks/878ead79bf735672.js?dpl=dpl_G3LWGyCa9L7juRHD2gZEpHwZy1Gh:73:134075)
    at cm (https://vercel.com/_next/static/chunks/878ead79bf735672.js?dpl=dpl_G3LWGyCa9L7juRHD2gZEpHwZy1Gh:73:168791)
    at cs (https://vercel.com/_next/static/chunks/878ead79bf735672.js?dpl=dpl_G3LWGyCa9L7juRHD2gZEpHwZy1Gh:73:166694)
    at cf (https://vercel.com/_next/static/chunks/878ead79bf735672.js?dpl=dpl_G3LWGyCa9L7juRHD2gZEpHwZy1Gh:73:167051)
[    1195ms] Error: Minified React error #418; visit https://react.dev/errors/418?args[]=HTML&args[]= for the full message or use the non-minified dev environment for full errors and additional helpful warnings.
    at r1 (https://vercel.com/_next/static/chunks/878ead79bf735672.js?dpl=dpl_G3LWGyCa9L7juRHD2gZEpHwZy1Gh:73:44335)
    at r4 (https://vercel.com/_next/static/chunks/878ead79bf735672.js?dpl=dpl_G3LWGyCa9L7juRHD2gZEpHwZy1Gh:73:45563)
    at https://vercel.com/_next/static/chunks/878ead79bf735672.js?dpl=dpl_G3LWGyCa9L7juRHD2gZEpHwZy1Gh:73:145172
    at sQ (https://vercel.com/_next/static/chunks/878ead79bf735672.js?dpl=dpl_G3LWGyCa9L7juRHD2gZEpHwZy1Gh:73:148081)
    at sV (https://vercel.com/_next/static/chunks/878ead79bf735672.js?dpl=dpl_G3LWGyCa9L7juRHD2gZEpHwZy1Gh:73:139226)
    at https://vercel.com/_next/static/chunks/878ead79bf735672.js?dpl=dpl_G3LWGyCa9L7juRHD2gZEpHwZy1Gh:73:139010
    at sB (https://vercel.com/_next/static/chunks/878ead79bf735672.js?dpl=dpl_G3LWGyCa9L7juRHD2gZEpHwZy1Gh:73:139018)
    at sO (https://vercel.com/_next/static/chunks/878ead79bf735672.js?dpl=dpl_G3LWGyCa9L7juRHD2gZEpHwZy1Gh:73:134075)
    at cm (https://vercel.com/_next/static/chunks/878ead79bf735672.js?dpl=dpl_G3LWGyCa9L7juRHD2gZEpHwZy1Gh:73:168791)
    at cs (https://vercel.com/_next/static/chunks/878ead79bf735672.js?dpl=dpl_G3LWGyCa9L7juRHD2gZEpHwZy1Gh:73:166694)
[    1198ms] Error: Minified React error #418; visit https://react.dev/errors/418?args[]=HTML&args[]= for the full message or use the non-minified dev environment for full errors and additional helpful warnings.
    at r1 (https://vercel.com/_next/static/chunks/878ead79bf735672.js?dpl=dpl_G3LWGyCa9L7juRHD2gZEpHwZy1Gh:73:44335)
    at r4 (https://vercel.com/_next/static/chunks/878ead79bf735672.js?dpl=dpl_G3LWGyCa9L7juRHD2gZEpHwZy1Gh:73:45563)
    at https://vercel.com/_next/static/chunks/878ead79bf735672.js?dpl=dpl_G3LWGyCa9L7juRHD2gZEpHwZy1Gh:73:145172
    at sQ (https://vercel.com/_next/static/chunks/878ead79bf735672.js?dpl=dpl_G3LWGyCa9L7juRHD2gZEpHwZy1Gh:73:148081)
    at sV (https://vercel.com/_next/static/chunks/878ead79bf735672.js?dpl=dpl_G3LWGyCa9L7juRHD2gZEpHwZy1Gh:73:139226)
    at https://vercel.com/_next/static/chunks/878ead79bf735672.js?dpl=dpl_G3LWGyCa9L7juRHD2gZEpHwZy1Gh:73:139010
    at sB (https://vercel.com/_next/static/chunks/878ead79bf735672.js?dpl=dpl_G3LWGyCa9L7juRHD2gZEpHwZy1Gh:73:139018)
    at sO (https://vercel.com/_next/static/chunks/878ead79bf735672.js?dpl=dpl_G3LWGyCa9L7juRHD2gZEpHwZy1Gh:73:134075)
    at cm (https://vercel.com/_next/static/chunks/878ead79bf735672.js?dpl=dpl_G3LWGyCa9L7juRHD2gZEpHwZy1Gh:73:168791)
    at cs (https://vercel.com/_next/static/chunks/878ead79bf735672.js?dpl=dpl_G3LWGyCa9L7juRHD2gZEpHwZy1Gh:73:166694)
[    1274ms] Error: Minified React error #418; visit https://react.dev/errors/418?args[]=HTML&args[]= for the full message or use the non-minified dev environment for full errors and additional helpful warnings.
    at r1 (https://vercel.com/_next/static/chunks/878ead79bf735672.js?dpl=dpl_G3LWGyCa9L7juRHD2gZEpHwZy1Gh:73:44335)
    at r4 (https://vercel.com/_next/static/chunks/878ead79bf735672.js?dpl=dpl_G3LWGyCa9L7juRHD2gZEpHwZy1Gh:73:45563)
    at https://vercel.com/_next/static/chunks/878ead79bf735672.js?dpl=dpl_G3LWGyCa9L7juRHD2gZEpHwZy1Gh:73:145172
    at sQ (https://vercel.com/_next/static/chunks/878ead79bf735672.js?dpl=dpl_G3LWGyCa9L7juRHD2gZEpHwZy1Gh:73:148081)
    at sV (https://vercel.com/_next/static/chunks/878ead79bf735672.js?dpl=dpl_G3LWGyCa9L7juRHD2gZEpHwZy1Gh:73:139226)
    at https://vercel.com/_next/static/chunks/878ead79bf735672.js?dpl=dpl_G3LWGyCa9L7juRHD2gZEpHwZy1Gh:73:139010
    at sB (https://vercel.com/_next/static/chunks/878ead79bf735672.js?dpl=dpl_G3LWGyCa9L7juRHD2gZEpHwZy1Gh:73:139018)
    at sO (https://vercel.com/_next/static/chunks/878ead79bf735672.js?dpl=dpl_G3LWGyCa9L7juRHD2gZEpHwZy1Gh:73:134075)
    at cm (https://vercel.com/_next/static/chunks/878ead79bf735672.js?dpl=dpl_G3LWGyCa9L7juRHD2gZEpHwZy1Gh:73:168791)
    at cs (https://vercel.com/_next/static/chunks/878ead79bf735672.js?dpl=dpl_G3LWGyCa9L7juRHD2gZEpHwZy1Gh:73:166694)
[    1281ms] Error: Minified React error #418; visit https://react.dev/errors/418?args[]=HTML&args[]= for the full message or use the non-minified dev environment for full errors and additional helpful warnings.
    at r1 (https://vercel.com/_next/static/chunks/878ead79bf735672.js?dpl=dpl_G3LWGyCa9L7juRHD2gZEpHwZy1Gh:73:44335)
    at iE (https://vercel.com/_next/static/chunks/878ead79bf735672.js?dpl=dpl_G3LWGyCa9L7juRHD2gZEpHwZy1Gh:73:98330)
    at sV (https://vercel.com/_next/static/chunks/878ead79bf735672.js?dpl=dpl_G3LWGyCa9L7juRHD2gZEpHwZy1Gh:73:139165)
    at https://vercel.com/_next/static/chunks/878ead79bf735672.js?dpl=dpl_G3LWGyCa9L7juRHD2gZEpHwZy1Gh:73:139010
    at sB (https://vercel.com/_next/static/chunks/878ead79bf735672.js?dpl=dpl_G3LWGyCa9L7juRHD2gZEpHwZy1Gh:73:139018)
    at sO (https://vercel.com/_next/static/chunks/878ead79bf735672.js?dpl=dpl_G3LWGyCa9L7juRHD2gZEpHwZy1Gh:73:134075)
    at cm (https://vercel.com/_next/static/chunks/878ead79bf735672.js?dpl=dpl_G3LWGyCa9L7juRHD2gZEpHwZy1Gh:73:168791)
    at cs (https://vercel.com/_next/static/chunks/878ead79bf735672.js?dpl=dpl_G3LWGyCa9L7juRHD2gZEpHwZy1Gh:73:166694)
    at cf (https://vercel.com/_next/static/chunks/878ead79bf735672.js?dpl=dpl_G3LWGyCa9L7juRHD2gZEpHwZy1Gh:73:167051)
    at https://vercel.com/_next/static/chunks/878ead79bf735672.js?dpl=dpl_G3LWGyCa9L7juRHD2gZEpHwZy1Gh:73:168850
[    1325ms] Error: Minified React error #418; visit https://react.dev/errors/418?args[]=HTML&args[]= for the full message or use the non-minified dev environment for full errors and additional helpful warnings.
    at r1 (https://vercel.com/_next/static/chunks/878ead79bf735672.js?dpl=dpl_G3LWGyCa9L7juRHD2gZEpHwZy1Gh:73:44335)
    at iE (https://vercel.com/_next/static/chunks/878ead79bf735672.js?dpl=dpl_G3LWGyCa9L7juRHD2gZEpHwZy1Gh:73:98330)
    at sV (https://vercel.com/_next/static/chunks/878ead79bf735672.js?dpl=dpl_G3LWGyCa9L7juRHD2gZEpHwZy1Gh:73:139165)
    at https://vercel.com/_next/static/chunks/878ead79bf735672.js?dpl=dpl_G3LWGyCa9L7juRHD2gZEpHwZy1Gh:73:139010
    at sB (https://vercel.com/_next/static/chunks/878ead79bf735672.js?dpl=dpl_G3LWGyCa9L7juRHD2gZEpHwZy1Gh:73:139018)
    at sO (https://vercel.com/_next/static/chunks/878ead79bf735672.js?dpl=dpl_G3LWGyCa9L7juRHD2gZEpHwZy1Gh:73:134075)
    at cm (https://vercel.com/_next/static/chunks/878ead79bf735672.js?dpl=dpl_G3LWGyCa9L7juRHD2gZEpHwZy1Gh:73:168791)
    at cs (https://vercel.com/_next/static/chunks/878ead79bf735672.js?dpl=dpl_G3LWGyCa9L7juRHD2gZEpHwZy1Gh:73:166694)
    at cf (https://vercel.com/_next/static/chunks/878ead79bf735672.js?dpl=dpl_G3LWGyCa9L7juRHD2gZEpHwZy1Gh:73:167051)
    at https://vercel.com/_next/static/chunks/878ead79bf735672.js?dpl=dpl_G3LWGyCa9L7juRHD2gZEpHwZy1Gh:73:168850
[    1529ms] Minified React error #419; visit https://react.dev/errors/419 for the full message or use the non-minified dev environment for full errors and additional helpful warnings.
[    1530ms] Minified React error #419; visit https://react.dev/errors/419 for the full message or use the non-minified dev environment for full errors and additional helpful warnings.
[    1530ms] Minified React error #419; visit https://react.dev/errors/419 for the full message or use the non-minified dev environment for full errors and additional helpful warnings.
[    1530ms] Minified React error #419; visit https://react.dev/errors/419 for the full message or use the non-minified dev environment for full errors and additional helpful warnings.
[    1530ms] Minified React error #419; visit https://react.dev/errors/419 for the full message or use the non-minified dev environment for full errors and additional helpful warnings.
[    1530ms] Minified React error #419; visit https://react.dev/errors/419 for the full message or use the non-minified dev environment for full errors and additional helpful warnings.
[    1530ms] Minified React error #419; visit https://react.dev/errors/419 for the full message or use the non-minified dev environment for full errors and additional helpful warnings.
[    1530ms] Minified React error #419; visit https://react.dev/errors/419 for the full message or use the non-minified dev environment for full errors and additional helpful warnings.
[    1531ms] Minified React error #419; visit https://react.dev/errors/419 for the full message or use the non-minified dev environment for full errors and additional helpful warnings.
[    1531ms] Minified React error #419; visit https://react.dev/errors/419 for the full message or use the non-minified dev environment for full errors and additional helpful warnings.
[    1531ms] Minified React error #419; visit https://react.dev/errors/419 for the full message or use the non-minified dev environment for full errors and additional helpful warnings.
[    1532ms] Minified React error #419; visit https://react.dev/errors/419 for the full message or use the non-minified dev environment for full errors and additional helpful warnings.
[    1532ms] Minified React error #419; visit https://react.dev/errors/419 for the full message or use the non-minified dev environment for full errors and additional helpful warnings.
[    1533ms] Minified React error #419; visit https://react.dev/errors/419 for the full message or use the non-minified dev environment for full errors and additional helpful warnings.
[    1533ms] Minified React error #419; visit https://react.dev/errors/419 for the full message or use the non-minified dev environment for full errors and additional helpful warnings.
[    1534ms] Minified React error #419; visit https://react.dev/errors/419 for the full message or use the non-minified dev environment for full errors and additional helpful warnings.
[    1535ms] Minified React error #419; visit https://react.dev/errors/419 for the full message or use the non-minified dev environment for full errors and additional helpful warnings.
[    1535ms] Minified React error #419; visit https://react.dev/errors/419 for the full message or use the non-minified dev environment for full errors and additional helpful warnings.
[    1535ms] Minified React error #419; visit https://react.dev/errors/419 for the full message or use the non-minified dev environment for full errors and additional helpful warnings.
[    1535ms] Minified React error #419; visit https://react.dev/errors/419 for the full message or use the non-minified dev environment for full errors and additional helpful warnings.
[    1535ms] Minified React error #419; visit https://react.dev/errors/419 for the full message or use the non-minified dev environment for full errors and additional helpful warnings.
[    1535ms] Minified React error #419; visit https://react.dev/errors/419 for the full message or use the non-minified dev environment for full errors and additional helpful warnings.
[    1535ms] Minified React error #419; visit https://react.dev/errors/419 for the full message or use the non-minified dev environment for full errors and additional helpful warnings.
[    1535ms] Minified React error #419; visit https://react.dev/errors/419 for the full message or use the non-minified dev environment for full errors and additional helpful warnings.
[    1536ms] Minified React error #419; visit https://react.dev/errors/419 for the full message or use the non-minified dev environment for full errors and additional helpful warnings.
[    2272ms] [ERROR] Failed to load resource: the server responded with a status of 404 () @ https://vercel.com/api/v1/projects/prj_Ga6WSNKyCWkm2xyu5LDfKLvUGlcJ/production-deployment?teamId=adams-projects-25d2fcab:0
[    2421ms] Minified React error #419; visit https://react.dev/errors/419 for the full message or use the non-minified dev environment for full errors and additional helpful warnings.
[    2495ms] [WARNING] Deprecated API for given entry type. @ https://vercel.com/_next/static/chunks/a89473dbf41a83d2.js?dpl=dpl_G3LWGyCa9L7juRHD2gZEpHwZy1Gh:18
[   11942ms] [WARNING] The resource https://vercel.com/_next/static/chunks/43f2849778d70192.css?dpl=dpl_G3LWGyCa9L7juRHD2gZEpHwZy1Gh was preloaded using link preload but not used within a few seconds from the window's load event. Please make sure it has an appropriate `as` value and it is preloaded intentionally. @ https://vercel.com/adams-projects-25d2fcab/thehedge/settings/environment-variables:0
[   11942ms] [WARNING] The resource https://vercel.com/_next/static/chunks/93c12ae9e446bfb5.css?dpl=dpl_G3LWGyCa9L7juRHD2gZEpHwZy1Gh was preloaded using link preload but not used within a few seconds from the window's load event. Please make sure it has an appropriate `as` value and it is preloaded intentionally. @ https://vercel.com/adams-projects-25d2fcab/thehedge/settings/environment-variables:0
[   11942ms] [WARNING] The resource https://vercel.com/_next/static/chunks/58bd9c32b230e864.css?dpl=dpl_G3LWGyCa9L7juRHD2gZEpHwZy1Gh was preloaded using link preload but not used within a few seconds from the window's load event. Please make sure it has an appropriate `as` value and it is preloaded intentionally. @ https://vercel.com/adams-projects-25d2fcab/thehedge/settings/environment-variables:0
[   11942ms] [WARNING] The resource https://vercel.com/_next/static/chunks/62293799f51f3222.css?dpl=dpl_G3LWGyCa9L7juRHD2gZEpHwZy1Gh was preloaded using link preload but not used within a few seconds from the window's load event. Please make sure it has an appropriate `as` value and it is preloaded intentionally. @ https://vercel.com/adams-projects-25d2fcab/thehedge/settings/environment-variables:0
[   11942ms] [WARNING] The resource https://vercel.com/_next/static/chunks/da3b9607fed1dac9.css?dpl=dpl_G3LWGyCa9L7juRHD2gZEpHwZy1Gh was preloaded using link preload but not used within a few seconds from the window's load event. Please make sure it has an appropriate `as` value and it is preloaded intentionally. @ https://vercel.com/adams-projects-25d2fcab/thehedge/settings/environment-variables:0
[   11942ms] [WARNING] The resource https://vercel.com/_next/static/chunks/a274a2ae2b2a598c.css?dpl=dpl_G3LWGyCa9L7juRHD2gZEpHwZy1Gh was preloaded using link preload but not used within a few seconds from the window's load event. Please make sure it has an appropriate `as` value and it is preloaded intentionally. @ https://vercel.com/adams-projects-25d2fcab/thehedge/settings/environment-variables:0
[   11942ms] [WARNING] The resource https://vercel.com/_next/static/chunks/e207665c540a4476.css?dpl=dpl_G3LWGyCa9L7juRHD2gZEpHwZy1Gh was preloaded using link preload but not used within a few seconds from the window's load event. Please make sure it has an appropriate `as` value and it is preloaded intentionally. @ https://vercel.com/adams-projects-25d2fcab/thehedge/settings/environment-variables:0
[   11942ms] [WARNING] The resource https://vercel.com/_next/static/chunks/3c970c0f3350ccf5.css?dpl=dpl_G3LWGyCa9L7juRHD2gZEpHwZy1Gh was preloaded using link preload but not used within a few seconds from the window's load event. Please make sure it has an appropriate `as` value and it is preloaded intentionally. @ https://vercel.com/adams-projects-25d2fcab/thehedge/settings/environment-variables:0
[   11942ms] [WARNING] The resource https://vercel.com/_next/static/chunks/506943ca02a2b20e.css?dpl=dpl_G3LWGyCa9L7juRHD2gZEpHwZy1Gh was preloaded using link preload but not used within a few seconds from the window's load event. Please make sure it has an appropriate `as` value and it is preloaded intentionally. @ https://vercel.com/adams-projects-25d2fcab/thehedge/settings/environment-variables:0
[   11942ms] [WARNING] The resource https://vercel.com/_next/static/chunks/7bc45f2d443f7d0a.css?dpl=dpl_G3LWGyCa9L7juRHD2gZEpHwZy1Gh was preloaded using link preload but not used within a few seconds from the window's load event. Please make sure it has an appropriate `as` value and it is preloaded intentionally. @ https://vercel.com/adams-projects-25d2fcab/thehedge/settings/environment-variables:0
[   11942ms] [WARNING] The resource https://vercel.com/_next/static/chunks/634f4b9e7441d13a.css?dpl=dpl_G3LWGyCa9L7juRHD2gZEpHwZy1Gh was preloaded using link preload but not used within a few seconds from the window's load event. Please make sure it has an appropriate `as` value and it is preloaded intentionally. @ https://vercel.com/adams-projects-25d2fcab/thehedge/settings/environment-variables:0
[   11942ms] [WARNING] The resource https://vercel.com/_next/static/chunks/ef41dadeda35e5bb.css?dpl=dpl_G3LWGyCa9L7juRHD2gZEpHwZy1Gh was preloaded using link preload but not used within a few seconds from the window's load event. Please make sure it has an appropriate `as` value and it is preloaded intentionally. @ https://vercel.com/adams-projects-25d2fcab/thehedge/settings/environment-variables:0
[   11942ms] [WARNING] The resource https://vercel.com/_next/static/chunks/61d019f54398da6b.css?dpl=dpl_G3LWGyCa9L7juRHD2gZEpHwZy1Gh was preloaded using link preload but not used within a few seconds from the window's load event. Please make sure it has an appropriate `as` value and it is preloaded intentionally. @ https://vercel.com/adams-projects-25d2fcab/thehedge/settings/environment-variables:0
[   11942ms] [WARNING] The resource https://vercel.com/_next/static/chunks/e01342a35fda2a30.css?dpl=dpl_G3LWGyCa9L7juRHD2gZEpHwZy1Gh was preloaded using link preload but not used within a few seconds from the window's load event. Please make sure it has an appropriate `as` value and it is preloaded intentionally. @ https://vercel.com/adams-projects-25d2fcab/thehedge/settings/environment-variables:0
[   11942ms] [WARNING] The resource https://vercel.com/_next/static/chunks/82d1e9c1bec8c0f7.css?dpl=dpl_G3LWGyCa9L7juRHD2gZEpHwZy1Gh was preloaded using link preload but not used within a few seconds from the window's load event. Please make sure it has an appropriate `as` value and it is preloaded intentionally. @ https://vercel.com/adams-projects-25d2fcab/thehedge/settings/environment-variables:0
[   11942ms] [WARNING] The resource https://vercel.com/_next/static/chunks/b0f424570b53bbac.css?dpl=dpl_G3LWGyCa9L7juRHD2gZEpHwZy1Gh was preloaded using link preload but not used within a few seconds from the window's load event. Please make sure it has an appropriate `as` value and it is preloaded intentionally. @ https://vercel.com/adams-projects-25d2fcab/thehedge/settings/environment-variables:0
[   11942ms] [WARNING] The resource https://vercel.com/_next/static/chunks/f65506360ad41249.css?dpl=dpl_G3LWGyCa9L7juRHD2gZEpHwZy1Gh was preloaded using link preload but not used within a few seconds from the window's load event. Please make sure it has an appropriate `as` value and it is preloaded intentionally. @ https://vercel.com/adams-projects-25d2fcab/thehedge/settings/environment-variables:0
[   11942ms] [WARNING] The resource https://vercel.com/_next/static/chunks/30cb936af64d441b.css?dpl=dpl_G3LWGyCa9L7juRHD2gZEpHwZy1Gh was preloaded using link preload but not used within a few seconds from the window's load event. Please make sure it has an appropriate `as` value and it is preloaded intentionally. @ https://vercel.com/adams-projects-25d2fcab/thehedge/settings/environment-variables:0
[   11942ms] [WARNING] The resource https://vercel.com/_next/static/chunks/b6c6ad9498350f91.css?dpl=dpl_G3LWGyCa9L7juRHD2gZEpHwZy1Gh was preloaded using link preload but not used within a few seconds from the window's load event. Please make sure it has an appropriate `as` value and it is preloaded intentionally. @ https://vercel.com/adams-projects-25d2fcab/thehedge/settings/environment-variables:0
[   11942ms] [WARNING] The resource https://vercel.com/_next/static/chunks/386e7614cd0cad78.css?dpl=dpl_G3LWGyCa9L7juRHD2gZEpHwZy1Gh was preloaded using link preload but not used within a few seconds from the window's load event. Please make sure it has an appropriate `as` value and it is preloaded intentionally. @ https://vercel.com/adams-projects-25d2fcab/thehedge/settings/environment-variables:0
[   11942ms] [WARNING] The resource https://vercel.com/_next/static/chunks/c4b8286d2987e3e7.css?dpl=dpl_G3LWGyCa9L7juRHD2gZEpHwZy1Gh was preloaded using link preload but not used within a few seconds from the window's load event. Please make sure it has an appropriate `as` value and it is preloaded intentionally. @ https://vercel.com/adams-projects-25d2fcab/thehedge/settings/environment-variables:0
[   11942ms] [WARNING] The resource https://vercel.com/_next/static/chunks/37afd113c139e523.css?dpl=dpl_G3LWGyCa9L7juRHD2gZEpHwZy1Gh was preloaded using link preload but not used within a few seconds from the window's load event. Please make sure it has an appropriate `as` value and it is preloaded intentionally. @ https://vercel.com/adams-projects-25d2fcab/thehedge/settings/environment-variables:0
[   76645ms] [WARNING] The resource https://vercel.com/_next/static/chunks/43f2849778d70192.css?dpl=dpl_G3LWGyCa9L7juRHD2gZEpHwZy1Gh was preloaded using link preload but not used within a few seconds from the window's load event. Please make sure it has an appropriate `as` value and it is preloaded intentionally. @ https://vercel.com/adams-projects-25d2fcab/thehedge/settings/environment-variables:0
[   76645ms] [WARNING] The resource https://vercel.com/_next/static/chunks/93c12ae9e446bfb5.css?dpl=dpl_G3LWGyCa9L7juRHD2gZEpHwZy1Gh was preloaded using link preload but not used within a few seconds from the window's load event. Please make sure it has an appropriate `as` value and it is preloaded intentionally. @ https://vercel.com/adams-projects-25d2fcab/thehedge/settings/environment-variables:0
[   76645ms] [WARNING] The resource https://vercel.com/_next/static/chunks/58bd9c32b230e864.css?dpl=dpl_G3LWGyCa9L7juRHD2gZEpHwZy1Gh was preloaded using link preload but not used within a few seconds from the window's load event. Please make sure it has an appropriate `as` value and it is preloaded intentionally. @ https://vercel.com/adams-projects-25d2fcab/thehedge/settings/environment-variables:0
[   76645ms] [WARNING] The resource https://vercel.com/_next/static/chunks/62293799f51f3222.css?dpl=dpl_G3LWGyCa9L7juRHD2gZEpHwZy1Gh was preloaded using link preload but not used within a few seconds from the window's load event. Please make sure it has an appropriate `as` value and it is preloaded intentionally. @ https://vercel.com/adams-projects-25d2fcab/thehedge/settings/environment-variables:0
[   76645ms] [WARNING] The resource https://vercel.com/_next/static/chunks/da3b9607fed1dac9.css?dpl=dpl_G3LWGyCa9L7juRHD2gZEpHwZy1Gh was preloaded using link preload but not used within a few seconds from the window's load event. Please make sure it has an appropriate `as` value and it is preloaded intentionally. @ https://vercel.com/adams-projects-25d2fcab/thehedge/settings/environment-variables:0
[   76645ms] [WARNING] The resource https://vercel.com/_next/static/chunks/a274a2ae2b2a598c.css?dpl=dpl_G3LWGyCa9L7juRHD2gZEpHwZy1Gh was preloaded using link preload but not used within a few seconds from the window's load event. Please make sure it has an appropriate `as` value and it is preloaded intentionally. @ https://vercel.com/adams-projects-25d2fcab/thehedge/settings/environment-variables:0
[   76645ms] [WARNING] The resource https://vercel.com/_next/static/chunks/e207665c540a4476.css?dpl=dpl_G3LWGyCa9L7juRHD2gZEpHwZy1Gh was preloaded using link preload but not used within a few seconds from the window's load event. Please make sure it has an appropriate `as` value and it is preloaded intentionally. @ https://vercel.com/adams-projects-25d2fcab/thehedge/settings/environment-variables:0
[   76645ms] [WARNING] The resource https://vercel.com/_next/static/chunks/3c970c0f3350ccf5.css?dpl=dpl_G3LWGyCa9L7juRHD2gZEpHwZy1Gh was preloaded using link preload but not used within a few seconds from the window's load event. Please make sure it has an appropriate `as` value and it is preloaded intentionally. @ https://vercel.com/adams-projects-25d2fcab/thehedge/settings/environment-variables:0
[   76645ms] [WARNING] The resource https://vercel.com/_next/static/chunks/506943ca02a2b20e.css?dpl=dpl_G3LWGyCa9L7juRHD2gZEpHwZy1Gh was preloaded using link preload but not used within a few seconds from the window's load event. Please make sure it has an appropriate `as` value and it is preloaded intentionally. @ https://vercel.com/adams-projects-25d2fcab/thehedge/settings/environment-variables:0
[   76645ms] [WARNING] The resource https://vercel.com/_next/static/chunks/7bc45f2d443f7d0a.css?dpl=dpl_G3LWGyCa9L7juRHD2gZEpHwZy1Gh was preloaded using link preload but not used within a few seconds from the window's load event. Please make sure it has an appropriate `as` value and it is preloaded intentionally. @ https://vercel.com/adams-projects-25d2fcab/thehedge/settings/environment-variables:0
[   76645ms] [WARNING] The resource https://vercel.com/_next/static/chunks/634f4b9e7441d13a.css?dpl=dpl_G3LWGyCa9L7juRHD2gZEpHwZy1Gh was preloaded using link preload but not used within a few seconds from the window's load event. Please make sure it has an appropriate `as` value and it is preloaded intentionally. @ https://vercel.com/adams-projects-25d2fcab/thehedge/settings/environment-variables:0
[   76645ms] [WARNING] The resource https://vercel.com/_next/static/chunks/ef41dadeda35e5bb.css?dpl=dpl_G3LWGyCa9L7juRHD2gZEpHwZy1Gh was preloaded using link preload but not used within a few seconds from the window's load event. Please make sure it has an appropriate `as` value and it is preloaded intentionally. @ https://vercel.com/adams-projects-25d2fcab/thehedge/settings/environment-variables:0
[   76645ms] [WARNING] The resource https://vercel.com/_next/static/chunks/61d019f54398da6b.css?dpl=dpl_G3LWGyCa9L7juRHD2gZEpHwZy1Gh was preloaded using link preload but not used within a few seconds from the window's load event. Please make sure it has an appropriate `as` value and it is preloaded intentionally. @ https://vercel.com/adams-projects-25d2fcab/thehedge/settings/environment-variables:0
[   76645ms] [WARNING] The resource https://vercel.com/_next/static/chunks/e01342a35fda2a30.css?dpl=dpl_G3LWGyCa9L7juRHD2gZEpHwZy1Gh was preloaded using link preload but not used within a few seconds from the window's load event. Please make sure it has an appropriate `as` value and it is preloaded intentionally. @ https://vercel.com/adams-projects-25d2fcab/thehedge/settings/environment-variables:0
[   76645ms] [WARNING] The resource https://vercel.com/_next/static/chunks/82d1e9c1bec8c0f7.css?dpl=dpl_G3LWGyCa9L7juRHD2gZEpHwZy1Gh was preloaded using link preload but not used within a few seconds from the window's load event. Please make sure it has an appropriate `as` value and it is preloaded intentionally. @ https://vercel.com/adams-projects-25d2fcab/thehedge/settings/environment-variables:0
[   76645ms] [WARNING] The resource https://vercel.com/_next/static/chunks/b0f424570b53bbac.css?dpl=dpl_G3LWGyCa9L7juRHD2gZEpHwZy1Gh was preloaded using link preload but not used within a few seconds from the window's load event. Please make sure it has an appropriate `as` value and it is preloaded intentionally. @ https://vercel.com/adams-projects-25d2fcab/thehedge/settings/environment-variables:0
[   76645ms] [WARNING] The resource https://vercel.com/_next/static/chunks/f65506360ad41249.css?dpl=dpl_G3LWGyCa9L7juRHD2gZEpHwZy1Gh was preloaded using link preload but not used within a few seconds from the window's load event. Please make sure it has an appropriate `as` value and it is preloaded intentionally. @ https://vercel.com/adams-projects-25d2fcab/thehedge/settings/environment-variables:0
[   76645ms] [WARNING] The resource https://vercel.com/_next/static/chunks/30cb936af64d441b.css?dpl=dpl_G3LWGyCa9L7juRHD2gZEpHwZy1Gh was preloaded using link preload but not used within a few seconds from the window's load event. Please make sure it has an appropriate `as` value and it is preloaded intentionally. @ https://vercel.com/adams-projects-25d2fcab/thehedge/settings/environment-variables:0
[   76645ms] [WARNING] The resource https://vercel.com/_next/static/chunks/b6c6ad9498350f91.css?dpl=dpl_G3LWGyCa9L7juRHD2gZEpHwZy1Gh was preloaded using link preload but not used within a few seconds from the window's load event. Please make sure it has an appropriate `as` value and it is preloaded intentionally. @ https://vercel.com/adams-projects-25d2fcab/thehedge/settings/environment-variables:0
[   76645ms] [WARNING] The resource https://vercel.com/_next/static/chunks/386e7614cd0cad78.css?dpl=dpl_G3LWGyCa9L7juRHD2gZEpHwZy1Gh was preloaded using link preload but not used within a few seconds from the window's load event. Please make sure it has an appropriate `as` value and it is preloaded intentionally. @ https://vercel.com/adams-projects-25d2fcab/thehedge/settings/environment-variables:0
[   76645ms] [WARNING] The resource https://vercel.com/_next/static/chunks/c4b8286d2987e3e7.css?dpl=dpl_G3LWGyCa9L7juRHD2gZEpHwZy1Gh was preloaded using link preload but not used within a few seconds from the window's load event. Please make sure it has an appropriate `as` value and it is preloaded intentionally. @ https://vercel.com/adams-projects-25d2fcab/thehedge/settings/environment-variables:0
[   76645ms] [WARNING] The resource https://vercel.com/_next/static/chunks/37afd113c139e523.css?dpl=dpl_G3LWGyCa9L7juRHD2gZEpHwZy1Gh was preloaded using link preload but not used within a few seconds from the window's load event. Please make sure it has an appropriate `as` value and it is preloaded intentionally. @ https://vercel.com/adams-projects-25d2fcab/thehedge/settings/environment-variables:0
[  134875ms] [WARNING] The resource https://vercel.com/_next/static/chunks/43f2849778d70192.css?dpl=dpl_G3LWGyCa9L7juRHD2gZEpHwZy1Gh was preloaded using link preload but not used within a few seconds from the window's load event. Please make sure it has an appropriate `as` value and it is preloaded intentionally. @ https://vercel.com/adams-projects-25d2fcab/thehedge/settings/environment-variables:0
[  134875ms] [WARNING] The resource https://vercel.com/_next/static/chunks/93c12ae9e446bfb5.css?dpl=dpl_G3LWGyCa9L7juRHD2gZEpHwZy1Gh was preloaded using link preload but not used within a few seconds from the window's load event. Please make sure it has an appropriate `as` value and it is preloaded intentionally. @ https://vercel.com/adams-projects-25d2fcab/thehedge/settings/environment-variables:0
[  134875ms] [WARNING] The resource https://vercel.com/_next/static/chunks/58bd9c32b230e864.css?dpl=dpl_G3LWGyCa9L7juRHD2gZEpHwZy1Gh was preloaded using link preload but not used within a few seconds from the window's load event. Please make sure it has an appropriate `as` value and it is preloaded intentionally. @ https://vercel.com/adams-projects-25d2fcab/thehedge/settings/environment-variables:0
[  134875ms] [WARNING] The resource https://vercel.com/_next/static/chunks/62293799f51f3222.css?dpl=dpl_G3LWGyCa9L7juRHD2gZEpHwZy1Gh was preloaded using link preload but not used within a few seconds from the window's load event. Please make sure it has an appropriate `as` value and it is preloaded intentionally. @ https://vercel.com/adams-projects-25d2fcab/thehedge/settings/environment-variables:0
[  134875ms] [WARNING] The resource https://vercel.com/_next/static/chunks/da3b9607fed1dac9.css?dpl=dpl_G3LWGyCa9L7juRHD2gZEpHwZy1Gh was preloaded using link preload but not used within a few seconds from the window's load event. Please make sure it has an appropriate `as` value and it is preloaded intentionally. @ https://vercel.com/adams-projects-25d2fcab/thehedge/settings/environment-variables:0
[  134875ms] [WARNING] The resource https://vercel.com/_next/static/chunks/a274a2ae2b2a598c.css?dpl=dpl_G3LWGyCa9L7juRHD2gZEpHwZy1Gh was preloaded using link preload but not used within a few seconds from the window's load event. Please make sure it has an appropriate `as` value and it is preloaded intentionally. @ https://vercel.com/adams-projects-25d2fcab/thehedge/settings/environment-variables:0
[  134875ms] [WARNING] The resource https://vercel.com/_next/static/chunks/e207665c540a4476.css?dpl=dpl_G3LWGyCa9L7juRHD2gZEpHwZy1Gh was preloaded using link preload but not used within a few seconds from the window's load event. Please make sure it has an appropriate `as` value and it is preloaded intentionally. @ https://vercel.com/adams-projects-25d2fcab/thehedge/settings/environment-variables:0
[  134875ms] [WARNING] The resource https://vercel.com/_next/static/chunks/3c970c0f3350ccf5.css?dpl=dpl_G3LWGyCa9L7juRHD2gZEpHwZy1Gh was preloaded using link preload but not used within a few seconds from the window's load event. Please make sure it has an appropriate `as` value and it is preloaded intentionally. @ https://vercel.com/adams-projects-25d2fcab/thehedge/settings/environment-variables:0
[  134875ms] [WARNING] The resource https://vercel.com/_next/static/chunks/506943ca02a2b20e.css?dpl=dpl_G3LWGyCa9L7juRHD2gZEpHwZy1Gh was preloaded using link preload but not used within a few seconds from the window's load event. Please make sure it has an appropriate `as` value and it is preloaded intentionally. @ https://vercel.com/adams-projects-25d2fcab/thehedge/settings/environment-variables:0
[  134875ms] [WARNING] The resource https://vercel.com/_next/static/chunks/7bc45f2d443f7d0a.css?dpl=dpl_G3LWGyCa9L7juRHD2gZEpHwZy1Gh was preloaded using link preload but not used within a few seconds from the window's load event. Please make sure it has an appropriate `as` value and it is preloaded intentionally. @ https://vercel.com/adams-projects-25d2fcab/thehedge/settings/environment-variables:0
[  134875ms] [WARNING] The resource https://vercel.com/_next/static/chunks/634f4b9e7441d13a.css?dpl=dpl_G3LWGyCa9L7juRHD2gZEpHwZy1Gh was preloaded using link preload but not used within a few seconds from the window's load event. Please make sure it has an appropriate `as` value and it is preloaded intentionally. @ https://vercel.com/adams-projects-25d2fcab/thehedge/settings/environment-variables:0
[  134875ms] [WARNING] The resource https://vercel.com/_next/static/chunks/ef41dadeda35e5bb.css?dpl=dpl_G3LWGyCa9L7juRHD2gZEpHwZy1Gh was preloaded using link preload but not used within a few seconds from the window's load event. Please make sure it has an appropriate `as` value and it is preloaded intentionally. @ https://vercel.com/adams-projects-25d2fcab/thehedge/settings/environment-variables:0
[  134875ms] [WARNING] The resource https://vercel.com/_next/static/chunks/61d019f54398da6b.css?dpl=dpl_G3LWGyCa9L7juRHD2gZEpHwZy1Gh was preloaded using link preload but not used within a few seconds from the window's load event. Please make sure it has an appropriate `as` value and it is preloaded intentionally. @ https://vercel.com/adams-projects-25d2fcab/thehedge/settings/environment-variables:0
[  134875ms] [WARNING] The resource https://vercel.com/_next/static/chunks/e01342a35fda2a30.css?dpl=dpl_G3LWGyCa9L7juRHD2gZEpHwZy1Gh was preloaded using link preload but not used within a few seconds from the window's load event. Please make sure it has an appropriate `as` value and it is preloaded intentionally. @ https://vercel.com/adams-projects-25d2fcab/thehedge/settings/environment-variables:0
[  134875ms] [WARNING] The resource https://vercel.com/_next/static/chunks/82d1e9c1bec8c0f7.css?dpl=dpl_G3LWGyCa9L7juRHD2gZEpHwZy1Gh was preloaded using link preload but not used within a few seconds from the window's load event. Please make sure it has an appropriate `as` value and it is preloaded intentionally. @ https://vercel.com/adams-projects-25d2fcab/thehedge/settings/environment-variables:0
[  134875ms] [WARNING] The resource https://vercel.com/_next/static/chunks/b0f424570b53bbac.css?dpl=dpl_G3LWGyCa9L7juRHD2gZEpHwZy1Gh was preloaded using link preload but not used within a few seconds from the window's load event. Please make sure it has an appropriate `as` value and it is preloaded intentionally. @ https://vercel.com/adams-projects-25d2fcab/thehedge/settings/environment-variables:0
[  134876ms] [WARNING] The resource https://vercel.com/_next/static/chunks/f65506360ad41249.css?dpl=dpl_G3LWGyCa9L7juRHD2gZEpHwZy1Gh was preloaded using link preload but not used within a few seconds from the window's load event. Please make sure it has an appropriate `as` value and it is preloaded intentionally. @ https://vercel.com/adams-projects-25d2fcab/thehedge/settings/environment-variables:0
[  134876ms] [WARNING] The resource https://vercel.com/_next/static/chunks/30cb936af64d441b.css?dpl=dpl_G3LWGyCa9L7juRHD2gZEpHwZy1Gh was preloaded using link preload but not used within a few seconds from the window's load event. Please make sure it has an appropriate `as` value and it is preloaded intentionally. @ https://vercel.com/adams-projects-25d2fcab/thehedge/settings/environment-variables:0
[  134876ms] [WARNING] The resource https://vercel.com/_next/static/chunks/b6c6ad9498350f91.css?dpl=dpl_G3LWGyCa9L7juRHD2gZEpHwZy1Gh was preloaded using link preload but not used within a few seconds from the window's load event. Please make sure it has an appropriate `as` value and it is preloaded intentionally. @ https://vercel.com/adams-projects-25d2fcab/thehedge/settings/environment-variables:0
[  134876ms] [WARNING] The resource https://vercel.com/_next/static/chunks/386e7614cd0cad78.css?dpl=dpl_G3LWGyCa9L7juRHD2gZEpHwZy1Gh was preloaded using link preload but not used within a few seconds from the window's load event. Please make sure it has an appropriate `as` value and it is preloaded intentionally. @ https://vercel.com/adams-projects-25d2fcab/thehedge/settings/environment-variables:0
[  134876ms] [WARNING] The resource https://vercel.com/_next/static/chunks/c4b8286d2987e3e7.css?dpl=dpl_G3LWGyCa9L7juRHD2gZEpHwZy1Gh was preloaded using link preload but not used within a few seconds from the window's load event. Please make sure it has an appropriate `as` value and it is preloaded intentionally. @ https://vercel.com/adams-projects-25d2fcab/thehedge/settings/environment-variables:0
[  134876ms] [WARNING] The resource https://vercel.com/_next/static/chunks/37afd113c139e523.css?dpl=dpl_G3LWGyCa9L7juRHD2gZEpHwZy1Gh was preloaded using link preload but not used within a few seconds from the window's load event. Please make sure it has an appropriate `as` value and it is preloaded intentionally. @ https://vercel.com/adams-projects-25d2fcab/thehedge/settings/environment-variables:0
[  605115ms] [WARNING] The resource https://vercel.com/_next/static/chunks/43f2849778d70192.css?dpl=dpl_G3LWGyCa9L7juRHD2gZEpHwZy1Gh was preloaded using link preload but not used within a few seconds from the window's load event. Please make sure it has an appropriate `as` value and it is preloaded intentionally. @ https://vercel.com/adams-projects-25d2fcab/thehedge/settings/environment-variables:0
[  605115ms] [WARNING] The resource https://vercel.com/_next/static/chunks/93c12ae9e446bfb5.css?dpl=dpl_G3LWGyCa9L7juRHD2gZEpHwZy1Gh was preloaded using link preload but not used within a few seconds from the window's load event. Please make sure it has an appropriate `as` value and it is preloaded intentionally. @ https://vercel.com/adams-projects-25d2fcab/thehedge/settings/environment-variables:0
[  605115ms] [WARNING] The resource https://vercel.com/_next/static/chunks/58bd9c32b230e864.css?dpl=dpl_G3LWGyCa9L7juRHD2gZEpHwZy1Gh was preloaded using link preload but not used within a few seconds from the window's load event. Please make sure it has an appropriate `as` value and it is preloaded intentionally. @ https://vercel.com/adams-projects-25d2fcab/thehedge/settings/environment-variables:0
[  605115ms] [WARNING] The resource https://vercel.com/_next/static/chunks/62293799f51f3222.css?dpl=dpl_G3LWGyCa9L7juRHD2gZEpHwZy1Gh was preloaded using link preload but not used within a few seconds from the window's load event. Please make sure it has an appropriate `as` value and it is preloaded intentionally. @ https://vercel.com/adams-projects-25d2fcab/thehedge/settings/environment-variables:0
[  605115ms] [WARNING] The resource https://vercel.com/_next/static/chunks/da3b9607fed1dac9.css?dpl=dpl_G3LWGyCa9L7juRHD2gZEpHwZy1Gh was preloaded using link preload but not used within a few seconds from the window's load event. Please make sure it has an appropriate `as` value and it is preloaded intentionally. @ https://vercel.com/adams-projects-25d2fcab/thehedge/settings/environment-variables:0
[  605115ms] [WARNING] The resource https://vercel.com/_next/static/chunks/a274a2ae2b2a598c.css?dpl=dpl_G3LWGyCa9L7juRHD2gZEpHwZy1Gh was preloaded using link preload but not used within a few seconds from the window's load event. Please make sure it has an appropriate `as` value and it is preloaded intentionally. @ https://vercel.com/adams-projects-25d2fcab/thehedge/settings/environment-variables:0
[  605115ms] [WARNING] The resource https://vercel.com/_next/static/chunks/e207665c540a4476.css?dpl=dpl_G3LWGyCa9L7juRHD2gZEpHwZy1Gh was preloaded using link preload but not used within a few seconds from the window's load event. Please make sure it has an appropriate `as` value and it is preloaded intentionally. @ https://vercel.com/adams-projects-25d2fcab/thehedge/settings/environment-variables:0
[  605115ms] [WARNING] The resource https://vercel.com/_next/static/chunks/3c970c0f3350ccf5.css?dpl=dpl_G3LWGyCa9L7juRHD2gZEpHwZy1Gh was preloaded using link preload but not used within a few seconds from the window's load event. Please make sure it has an appropriate `as` value and it is preloaded intentionally. @ https://vercel.com/adams-projects-25d2fcab/thehedge/settings/environment-variables:0
[  605115ms] [WARNING] The resource https://vercel.com/_next/static/chunks/506943ca02a2b20e.css?dpl=dpl_G3LWGyCa9L7juRHD2gZEpHwZy1Gh was preloaded using link preload but not used within a few seconds from the window's load event. Please make sure it has an appropriate `as` value and it is preloaded intentionally. @ https://vercel.com/adams-projects-25d2fcab/thehedge/settings/environment-variables:0
[  605115ms] [WARNING] The resource https://vercel.com/_next/static/chunks/7bc45f2d443f7d0a.css?dpl=dpl_G3LWGyCa9L7juRHD2gZEpHwZy1Gh was preloaded using link preload but not used within a few seconds from the window's load event. Please make sure it has an appropriate `as` value and it is preloaded intentionally. @ https://vercel.com/adams-projects-25d2fcab/thehedge/settings/environment-variables:0
[  605115ms] [WARNING] The resource https://vercel.com/_next/static/chunks/634f4b9e7441d13a.css?dpl=dpl_G3LWGyCa9L7juRHD2gZEpHwZy1Gh was preloaded using link preload but not used within a few seconds from the window's load event. Please make sure it has an appropriate `as` value and it is preloaded intentionally. @ https://vercel.com/adams-projects-25d2fcab/thehedge/settings/environment-variables:0
[  605115ms] [WARNING] The resource https://vercel.com/_next/static/chunks/ef41dadeda35e5bb.css?dpl=dpl_G3LWGyCa9L7juRHD2gZEpHwZy1Gh was preloaded using link preload but not used within a few seconds from the window's load event. Please make sure it has an appropriate `as` value and it is preloaded intentionally. @ https://vercel.com/adams-projects-25d2fcab/thehedge/settings/environment-variables:0
[  605115ms] [WARNING] The resource https://vercel.com/_next/static/chunks/61d019f54398da6b.css?dpl=dpl_G3LWGyCa9L7juRHD2gZEpHwZy1Gh was preloaded using link preload but not used within a few seconds from the window's load event. Please make sure it has an appropriate `as` value and it is preloaded intentionally. @ https://vercel.com/adams-projects-25d2fcab/thehedge/settings/environment-variables:0
[  605115ms] [WARNING] The resource https://vercel.com/_next/static/chunks/e01342a35fda2a30.css?dpl=dpl_G3LWGyCa9L7juRHD2gZEpHwZy1Gh was preloaded using link preload but not used within a few seconds from the window's load event. Please make sure it has an appropriate `as` value and it is preloaded intentionally. @ https://vercel.com/adams-projects-25d2fcab/thehedge/settings/environment-variables:0
[  605115ms] [WARNING] The resource https://vercel.com/_next/static/chunks/82d1e9c1bec8c0f7.css?dpl=dpl_G3LWGyCa9L7juRHD2gZEpHwZy1Gh was preloaded using link preload but not used within a few seconds from the window's load event. Please make sure it has an appropriate `as` value and it is preloaded intentionally. @ https://vercel.com/adams-projects-25d2fcab/thehedge/settings/environment-variables:0
[  605115ms] [WARNING] The resource https://vercel.com/_next/static/chunks/b0f424570b53bbac.css?dpl=dpl_G3LWGyCa9L7juRHD2gZEpHwZy1Gh was preloaded using link preload but not used within a few seconds from the window's load event. Please make sure it has an appropriate `as` value and it is preloaded intentionally. @ https://vercel.com/adams-projects-25d2fcab/thehedge/settings/environment-variables:0
[  605115ms] [WARNING] The resource https://vercel.com/_next/static/chunks/f65506360ad41249.css?dpl=dpl_G3LWGyCa9L7juRHD2gZEpHwZy1Gh was preloaded using link preload but not used within a few seconds from the window's load event. Please make sure it has an appropriate `as` value and it is preloaded intentionally. @ https://vercel.com/adams-projects-25d2fcab/thehedge/settings/environment-variables:0
[  605115ms] [WARNING] The resource https://vercel.com/_next/static/chunks/30cb936af64d441b.css?dpl=dpl_G3LWGyCa9L7juRHD2gZEpHwZy1Gh was preloaded using link preload but not used within a few seconds from the window's load event. Please make sure it has an appropriate `as` value and it is preloaded intentionally. @ https://vercel.com/adams-projects-25d2fcab/thehedge/settings/environment-variables:0
[  605115ms] [WARNING] The resource https://vercel.com/_next/static/chunks/b6c6ad9498350f91.css?dpl=dpl_G3LWGyCa9L7juRHD2gZEpHwZy1Gh was preloaded using link preload but not used within a few seconds from the window's load event. Please make sure it has an appropriate `as` value and it is preloaded intentionally. @ https://vercel.com/adams-projects-25d2fcab/thehedge/settings/environment-variables:0
[  605116ms] [WARNING] The resource https://vercel.com/_next/static/chunks/386e7614cd0cad78.css?dpl=dpl_G3LWGyCa9L7juRHD2gZEpHwZy1Gh was preloaded using link preload but not used within a few seconds from the window's load event. Please make sure it has an appropriate `as` value and it is preloaded intentionally. @ https://vercel.com/adams-projects-25d2fcab/thehedge/settings/environment-variables:0
[  605116ms] [WARNING] The resource https://vercel.com/_next/static/chunks/c4b8286d2987e3e7.css?dpl=dpl_G3LWGyCa9L7juRHD2gZEpHwZy1Gh was preloaded using link preload but not used within a few seconds from the window's load event. Please make sure it has an appropriate `as` value and it is preloaded intentionally. @ https://vercel.com/adams-projects-25d2fcab/thehedge/settings/environment-variables:0
[  605116ms] [WARNING] The resource https://vercel.com/_next/static/chunks/37afd113c139e523.css?dpl=dpl_G3LWGyCa9L7juRHD2gZEpHwZy1Gh was preloaded using link preload but not used within a few seconds from the window's load event. Please make sure it has an appropriate `as` value and it is preloaded intentionally. @ https://vercel.com/adams-projects-25d2fcab/thehedge/settings/environment-variables:0
[ 3605221ms] [WARNING] The resource https://vercel.com/_next/static/chunks/43f2849778d70192.css?dpl=dpl_G3LWGyCa9L7juRHD2gZEpHwZy1Gh was preloaded using link preload but not used within a few seconds from the window's load event. Please make sure it has an appropriate `as` value and it is preloaded intentionally. @ https://vercel.com/adams-projects-25d2fcab/thehedge/settings/environment-variables:0
[ 3605222ms] [WARNING] The resource https://vercel.com/_next/static/chunks/93c12ae9e446bfb5.css?dpl=dpl_G3LWGyCa9L7juRHD2gZEpHwZy1Gh was preloaded using link preload but not used within a few seconds from the window's load event. Please make sure it has an appropriate `as` value and it is preloaded intentionally. @ https://vercel.com/adams-projects-25d2fcab/thehedge/settings/environment-variables:0
[ 3605222ms] [WARNING] The resource https://vercel.com/_next/static/chunks/58bd9c32b230e864.css?dpl=dpl_G3LWGyCa9L7juRHD2gZEpHwZy1Gh was preloaded using link preload but not used within a few seconds from the window's load event. Please make sure it has an appropriate `as` value and it is preloaded intentionally. @ https://vercel.com/adams-projects-25d2fcab/thehedge/settings/environment-variables:0
[ 3605222ms] [WARNING] The resource https://vercel.com/_next/static/chunks/62293799f51f3222.css?dpl=dpl_G3LWGyCa9L7juRHD2gZEpHwZy1Gh was preloaded using link preload but not used within a few seconds from the window's load event. Please make sure it has an appropriate `as` value and it is preloaded intentionally. @ https://vercel.com/adams-projects-25d2fcab/thehedge/settings/environment-variables:0
[ 3605222ms] [WARNING] The resource https://vercel.com/_next/static/chunks/da3b9607fed1dac9.css?dpl=dpl_G3LWGyCa9L7juRHD2gZEpHwZy1Gh was preloaded using link preload but not used within a few seconds from the window's load event. Please make sure it has an appropriate `as` value and it is preloaded intentionally. @ https://vercel.com/adams-projects-25d2fcab/thehedge/settings/environment-variables:0
[ 3605222ms] [WARNING] The resource https://vercel.com/_next/static/chunks/a274a2ae2b2a598c.css?dpl=dpl_G3LWGyCa9L7juRHD2gZEpHwZy1Gh was preloaded using link preload but not used within a few seconds from the window's load event. Please make sure it has an appropriate `as` value and it is preloaded intentionally. @ https://vercel.com/adams-projects-25d2fcab/thehedge/settings/environment-variables:0
[ 3605222ms] [WARNING] The resource https://vercel.com/_next/static/chunks/e207665c540a4476.css?dpl=dpl_G3LWGyCa9L7juRHD2gZEpHwZy1Gh was preloaded using link preload but not used within a few seconds from the window's load event. Please make sure it has an appropriate `as` value and it is preloaded intentionally. @ https://vercel.com/adams-projects-25d2fcab/thehedge/settings/environment-variables:0
[ 3605222ms] [WARNING] The resource https://vercel.com/_next/static/chunks/3c970c0f3350ccf5.css?dpl=dpl_G3LWGyCa9L7juRHD2gZEpHwZy1Gh was preloaded using link preload but not used within a few seconds from the window's load event. Please make sure it has an appropriate `as` value and it is preloaded intentionally. @ https://vercel.com/adams-projects-25d2fcab/thehedge/settings/environment-variables:0
[ 3605222ms] [WARNING] The resource https://vercel.com/_next/static/chunks/506943ca02a2b20e.css?dpl=dpl_G3LWGyCa9L7juRHD2gZEpHwZy1Gh was preloaded using link preload but not used within a few seconds from the window's load event. Please make sure it has an appropriate `as` value and it is preloaded intentionally. @ https://vercel.com/adams-projects-25d2fcab/thehedge/settings/environment-variables:0
[ 3605222ms] [WARNING] The resource https://vercel.com/_next/static/chunks/7bc45f2d443f7d0a.css?dpl=dpl_G3LWGyCa9L7juRHD2gZEpHwZy1Gh was preloaded using link preload but not used within a few seconds from the window's load event. Please make sure it has an appropriate `as` value and it is preloaded intentionally. @ https://vercel.com/adams-projects-25d2fcab/thehedge/settings/environment-variables:0
[ 3605222ms] [WARNING] The resource https://vercel.com/_next/static/chunks/634f4b9e7441d13a.css?dpl=dpl_G3LWGyCa9L7juRHD2gZEpHwZy1Gh was preloaded using link preload but not used within a few seconds from the window's load event. Please make sure it has an appropriate `as` value and it is preloaded intentionally. @ https://vercel.com/adams-projects-25d2fcab/thehedge/settings/environment-variables:0
[ 3605222ms] [WARNING] The resource https://vercel.com/_next/static/chunks/ef41dadeda35e5bb.css?dpl=dpl_G3LWGyCa9L7juRHD2gZEpHwZy1Gh was preloaded using link preload but not used within a few seconds from the window's load event. Please make sure it has an appropriate `as` value and it is preloaded intentionally. @ https://vercel.com/adams-projects-25d2fcab/thehedge/settings/environment-variables:0
[ 3605222ms] [WARNING] The resource https://vercel.com/_next/static/chunks/61d019f54398da6b.css?dpl=dpl_G3LWGyCa9L7juRHD2gZEpHwZy1Gh was preloaded using link preload but not used within a few seconds from the window's load event. Please make sure it has an appropriate `as` value and it is preloaded intentionally. @ https://vercel.com/adams-projects-25d2fcab/thehedge/settings/environment-variables:0
[ 3605222ms] [WARNING] The resource https://vercel.com/_next/static/chunks/e01342a35fda2a30.css?dpl=dpl_G3LWGyCa9L7juRHD2gZEpHwZy1Gh was preloaded using link preload but not used within a few seconds from the window's load event. Please make sure it has an appropriate `as` value and it is preloaded intentionally. @ https://vercel.com/adams-projects-25d2fcab/thehedge/settings/environment-variables:0
[ 3605222ms] [WARNING] The resource https://vercel.com/_next/static/chunks/82d1e9c1bec8c0f7.css?dpl=dpl_G3LWGyCa9L7juRHD2gZEpHwZy1Gh was preloaded using link preload but not used within a few seconds from the window's load event. Please make sure it has an appropriate `as` value and it is preloaded intentionally. @ https://vercel.com/adams-projects-25d2fcab/thehedge/settings/environment-variables:0
[ 3605222ms] [WARNING] The resource https://vercel.com/_next/static/chunks/b0f424570b53bbac.css?dpl=dpl_G3LWGyCa9L7juRHD2gZEpHwZy1Gh was preloaded using link preload but not used within a few seconds from the window's load event. Please make sure it has an appropriate `as` value and it is preloaded intentionally. @ https://vercel.com/adams-projects-25d2fcab/thehedge/settings/environment-variables:0
[ 3605222ms] [WARNING] The resource https://vercel.com/_next/static/chunks/f65506360ad41249.css?dpl=dpl_G3LWGyCa9L7juRHD2gZEpHwZy1Gh was preloaded using link preload but not used within a few seconds from the window's load event. Please make sure it has an appropriate `as` value and it is preloaded intentionally. @ https://vercel.com/adams-projects-25d2fcab/thehedge/settings/environment-variables:0
[ 3605222ms] [WARNING] The resource https://vercel.com/_next/static/chunks/30cb936af64d441b.css?dpl=dpl_G3LWGyCa9L7juRHD2gZEpHwZy1Gh was preloaded using link preload but not used within a few seconds from the window's load event. Please make sure it has an appropriate `as` value and it is preloaded intentionally. @ https://vercel.com/adams-projects-25d2fcab/thehedge/settings/environment-variables:0
[ 3605222ms] [WARNING] The resource https://vercel.com/_next/static/chunks/b6c6ad9498350f91.css?dpl=dpl_G3LWGyCa9L7juRHD2gZEpHwZy1Gh was preloaded using link preload but not used within a few seconds from the window's load event. Please make sure it has an appropriate `as` value and it is preloaded intentionally. @ https://vercel.com/adams-projects-25d2fcab/thehedge/settings/environment-variables:0
[ 3605222ms] [WARNING] The resource https://vercel.com/_next/static/chunks/386e7614cd0cad78.css?dpl=dpl_G3LWGyCa9L7juRHD2gZEpHwZy1Gh was preloaded using link preload but not used within a few seconds from the window's load event. Please make sure it has an appropriate `as` value and it is preloaded intentionally. @ https://vercel.com/adams-projects-25d2fcab/thehedge/settings/environment-variables:0
[ 3605222ms] [WARNING] The resource https://vercel.com/_next/static/chunks/c4b8286d2987e3e7.css?dpl=dpl_G3LWGyCa9L7juRHD2gZEpHwZy1Gh was preloaded using link preload but not used within a few seconds from the window's load event. Please make sure it has an appropriate `as` value and it is preloaded intentionally. @ https://vercel.com/adams-projects-25d2fcab/thehedge/settings/environment-variables:0
[ 3605222ms] [WARNING] The resource https://vercel.com/_next/static/chunks/37afd113c139e523.css?dpl=dpl_G3LWGyCa9L7juRHD2gZEpHwZy1Gh was preloaded using link preload but not used within a few seconds from the window's load event. Please make sure it has an appropriate `as` value and it is preloaded intentionally. @ https://vercel.com/adams-projects-25d2fcab/thehedge/settings/environment-variables:0
[ 5403619ms] [WARNING] The resource https://vercel.com/_next/static/chunks/43f2849778d70192.css?dpl=dpl_G3LWGyCa9L7juRHD2gZEpHwZy1Gh was preloaded using link preload but not used within a few seconds from the window's load event. Please make sure it has an appropriate `as` value and it is preloaded intentionally. @ https://vercel.com/adams-projects-25d2fcab/thehedge/settings/environment-variables:0
[ 5403619ms] [WARNING] The resource https://vercel.com/_next/static/chunks/93c12ae9e446bfb5.css?dpl=dpl_G3LWGyCa9L7juRHD2gZEpHwZy1Gh was preloaded using link preload but not used within a few seconds from the window's load event. Please make sure it has an appropriate `as` value and it is preloaded intentionally. @ https://vercel.com/adams-projects-25d2fcab/thehedge/settings/environment-variables:0
[ 5403619ms] [WARNING] The resource https://vercel.com/_next/static/chunks/58bd9c32b230e864.css?dpl=dpl_G3LWGyCa9L7juRHD2gZEpHwZy1Gh was preloaded using link preload but not used within a few seconds from the window's load event. Please make sure it has an appropriate `as` value and it is preloaded intentionally. @ https://vercel.com/adams-projects-25d2fcab/thehedge/settings/environment-variables:0
[ 5403619ms] [WARNING] The resource https://vercel.com/_next/static/chunks/62293799f51f3222.css?dpl=dpl_G3LWGyCa9L7juRHD2gZEpHwZy1Gh was preloaded using link preload but not used within a few seconds from the window's load event. Please make sure it has an appropriate `as` value and it is preloaded intentionally. @ https://vercel.com/adams-projects-25d2fcab/thehedge/settings/environment-variables:0
[ 5403619ms] [WARNING] The resource https://vercel.com/_next/static/chunks/da3b9607fed1dac9.css?dpl=dpl_G3LWGyCa9L7juRHD2gZEpHwZy1Gh was preloaded using link preload but not used within a few seconds from the window's load event. Please make sure it has an appropriate `as` value and it is preloaded intentionally. @ https://vercel.com/adams-projects-25d2fcab/thehedge/settings/environment-variables:0
[ 5403619ms] [WARNING] The resource https://vercel.com/_next/static/chunks/a274a2ae2b2a598c.css?dpl=dpl_G3LWGyCa9L7juRHD2gZEpHwZy1Gh was preloaded using link preload but not used within a few seconds from the window's load event. Please make sure it has an appropriate `as` value and it is preloaded intentionally. @ https://vercel.com/adams-projects-25d2fcab/thehedge/settings/environment-variables:0
[ 5403619ms] [WARNING] The resource https://vercel.com/_next/static/chunks/e207665c540a4476.css?dpl=dpl_G3LWGyCa9L7juRHD2gZEpHwZy1Gh was preloaded using link preload but not used within a few seconds from the window's load event. Please make sure it has an appropriate `as` value and it is preloaded intentionally. @ https://vercel.com/adams-projects-25d2fcab/thehedge/settings/environment-variables:0
[ 5403620ms] [WARNING] The resource https://vercel.com/_next/static/chunks/3c970c0f3350ccf5.css?dpl=dpl_G3LWGyCa9L7juRHD2gZEpHwZy1Gh was preloaded using link preload but not used within a few seconds from the window's load event. Please make sure it has an appropriate `as` value and it is preloaded intentionally. @ https://vercel.com/adams-projects-25d2fcab/thehedge/settings/environment-variables:0
[ 5403620ms] [WARNING] The resource https://vercel.com/_next/static/chunks/506943ca02a2b20e.css?dpl=dpl_G3LWGyCa9L7juRHD2gZEpHwZy1Gh was preloaded using link preload but not used within a few seconds from the window's load event. Please make sure it has an appropriate `as` value and it is preloaded intentionally. @ https://vercel.com/adams-projects-25d2fcab/thehedge/settings/environment-variables:0
[ 5403620ms] [WARNING] The resource https://vercel.com/_next/static/chunks/7bc45f2d443f7d0a.css?dpl=dpl_G3LWGyCa9L7juRHD2gZEpHwZy1Gh was preloaded using link preload but not used within a few seconds from the window's load event. Please make sure it has an appropriate `as` value and it is preloaded intentionally. @ https://vercel.com/adams-projects-25d2fcab/thehedge/settings/environment-variables:0
[ 5403620ms] [WARNING] The resource https://vercel.com/_next/static/chunks/634f4b9e7441d13a.css?dpl=dpl_G3LWGyCa9L7juRHD2gZEpHwZy1Gh was preloaded using link preload but not used within a few seconds from the window's load event. Please make sure it has an appropriate `as` value and it is preloaded intentionally. @ https://vercel.com/adams-projects-25d2fcab/thehedge/settings/environment-variables:0
[ 5403620ms] [WARNING] The resource https://vercel.com/_next/static/chunks/ef41dadeda35e5bb.css?dpl=dpl_G3LWGyCa9L7juRHD2gZEpHwZy1Gh was preloaded using link preload but not used within a few seconds from the window's load event. Please make sure it has an appropriate `as` value and it is preloaded intentionally. @ https://vercel.com/adams-projects-25d2fcab/thehedge/settings/environment-variables:0
[ 5403620ms] [WARNING] The resource https://vercel.com/_next/static/chunks/61d019f54398da6b.css?dpl=dpl_G3LWGyCa9L7juRHD2gZEpHwZy1Gh was preloaded using link preload but not used within a few seconds from the window's load event. Please make sure it has an appropriate `as` value and it is preloaded intentionally. @ https://vercel.com/adams-projects-25d2fcab/thehedge/settings/environment-variables:0
[ 5403620ms] [WARNING] The resource https://vercel.com/_next/static/chunks/e01342a35fda2a30.css?dpl=dpl_G3LWGyCa9L7juRHD2gZEpHwZy1Gh was preloaded using link preload but not used within a few seconds from the window's load event. Please make sure it has an appropriate `as` value and it is preloaded intentionally. @ https://vercel.com/adams-projects-25d2fcab/thehedge/settings/environment-variables:0
[ 5403620ms] [WARNING] The resource https://vercel.com/_next/static/chunks/82d1e9c1bec8c0f7.css?dpl=dpl_G3LWGyCa9L7juRHD2gZEpHwZy1Gh was preloaded using link preload but not used within a few seconds from the window's load event. Please make sure it has an appropriate `as` value and it is preloaded intentionally. @ https://vercel.com/adams-projects-25d2fcab/thehedge/settings/environment-variables:0
[ 5403620ms] [WARNING] The resource https://vercel.com/_next/static/chunks/b0f424570b53bbac.css?dpl=dpl_G3LWGyCa9L7juRHD2gZEpHwZy1Gh was preloaded using link preload but not used within a few seconds from the window's load event. Please make sure it has an appropriate `as` value and it is preloaded intentionally. @ https://vercel.com/adams-projects-25d2fcab/thehedge/settings/environment-variables:0
[ 5403620ms] [WARNING] The resource https://vercel.com/_next/static/chunks/f65506360ad41249.css?dpl=dpl_G3LWGyCa9L7juRHD2gZEpHwZy1Gh was preloaded using link preload but not used within a few seconds from the window's load event. Please make sure it has an appropriate `as` value and it is preloaded intentionally. @ https://vercel.com/adams-projects-25d2fcab/thehedge/settings/environment-variables:0
[ 5403620ms] [WARNING] The resource https://vercel.com/_next/static/chunks/30cb936af64d441b.css?dpl=dpl_G3LWGyCa9L7juRHD2gZEpHwZy1Gh was preloaded using link preload but not used within a few seconds from the window's load event. Please make sure it has an appropriate `as` value and it is preloaded intentionally. @ https://vercel.com/adams-projects-25d2fcab/thehedge/settings/environment-variables:0
[ 5403620ms] [WARNING] The resource https://vercel.com/_next/static/chunks/b6c6ad9498350f91.css?dpl=dpl_G3LWGyCa9L7juRHD2gZEpHwZy1Gh was preloaded using link preload but not used within a few seconds from the window's load event. Please make sure it has an appropriate `as` value and it is preloaded intentionally. @ https://vercel.com/adams-projects-25d2fcab/thehedge/settings/environment-variables:0
[ 5403620ms] [WARNING] The resource https://vercel.com/_next/static/chunks/386e7614cd0cad78.css?dpl=dpl_G3LWGyCa9L7juRHD2gZEpHwZy1Gh was preloaded using link preload but not used within a few seconds from the window's load event. Please make sure it has an appropriate `as` value and it is preloaded intentionally. @ https://vercel.com/adams-projects-25d2fcab/thehedge/settings/environment-variables:0
[ 5403620ms] [WARNING] The resource https://vercel.com/_next/static/chunks/c4b8286d2987e3e7.css?dpl=dpl_G3LWGyCa9L7juRHD2gZEpHwZy1Gh was preloaded using link preload but not used within a few seconds from the window's load event. Please make sure it has an appropriate `as` value and it is preloaded intentionally. @ https://vercel.com/adams-projects-25d2fcab/thehedge/settings/environment-variables:0
[ 5403620ms] [WARNING] The resource https://vercel.com/_next/static/chunks/37afd113c139e523.css?dpl=dpl_G3LWGyCa9L7juRHD2gZEpHwZy1Gh was preloaded using link preload but not used within a few seconds from the window's load event. Please make sure it has an appropriate `as` value and it is preloaded intentionally. @ https://vercel.com/adams-projects-25d2fcab/thehedge/settings/environment-variables:0
